Log file open, 11/23/18 18:06:20
LogWindows: Failed to load 'aqProf.dll' (GetLastError=126)
LogWindows: File 'aqProf.dll' does not exist
LogWindows: Failed to load 'VSPerf140.dll' (GetLastError=126)
LogWindows: File 'VSPerf140.dll' does not exist
LogWindows: Failed to load 'VtuneApi.dll' (GetLastError=126)
LogWindows: File 'VtuneApi.dll' does not exist
LogWindows: Failed to load 'VtuneApi32e.dll' (GetLastError=126)
LogWindows: File 'VtuneApi32e.dll' does not exist
LogInit: Display: Running engine for game: BatteryCollector
LogPlatformFile: Not using cached read wrapper
LogTaskGraph: Started task graph with 5 named threads and 14 total threads with 3 sets of task threads.
LogStats: Stats thread started at 5.330507
LogD3D11RHI: Loaded GFSDK_Aftermath_Lib.x64.dll
LogICUInternationalization: Display: ICU TimeZone Detection - Raw Offset: -5:00, Platform Override: ''
LogPluginManager: Mounting plugin Paper2D
LogPluginManager: Mounting plugin AISupport
LogPluginManager: Mounting plugin LightPropagationVolume
LogPluginManager: Mounting plugin CLionSourceCodeAccess
LogPluginManager: Mounting plugin CodeLiteSourceCodeAccess
LogPluginManager: Mounting plugin GitSourceControl
LogPluginManager: Mounting plugin KDevelopSourceCodeAccess
LogPluginManager: Mounting plugin NullSourceCodeAccess
LogPluginManager: Mounting plugin PerforceSourceControl
LogPluginManager: Mounting plugin SubversionSourceControl
LogPluginManager: Mounting plugin UObjectPlugin
LogPluginManager: Mounting plugin VisualStudioCodeSourceCodeAccess
LogPluginManager: Mounting plugin VisualStudioSourceCodeAccess
LogPluginManager: Mounting plugin XCodeSourceCodeAccess
LogPluginManager: Mounting plugin AssetManagerEditor
LogPluginManager: Mounting plugin CryptoKeys
LogPluginManager: Mounting plugin DataValidation
LogPluginManager: Mounting plugin FacialAnimation
LogPluginManager: Mounting plugin GameplayTagsEditor
LogPluginManager: Mounting plugin MacGraphicsSwitching
LogPluginManager: Mounting plugin MeshEditor
LogPluginManager: Mounting plugin MobileLauncherProfileWizard
LogPluginManager: Mounting plugin PluginBrowser
LogPluginManager: Mounting plugin SpeedTreeImporter
LogPluginManager: Mounting plugin DatasmithContent
LogPluginManager: Mounting plugin AlembicImporter
LogPluginManager: Mounting plugin AppleImageUtils
LogPluginManager: Mounting plugin AppleVision
LogPluginManager: Mounting plugin BackChannel
LogPluginManager: Mounting plugin CharacterAI
LogPluginManager: Mounting plugin GeometryCache
LogPluginManager: Mounting plugin HTML5Networking
LogPluginManager: Mounting plugin ProxyLODPlugin
LogPluginManager: Mounting plugin MagicLeap
LogPluginManager: Mounting plugin MagicLeapEmulator
LogPluginManager: Mounting plugin MagicLeapMedia
LogPluginManager: Mounting plugin AndroidMedia
LogPluginManager: Mounting plugin AvfMedia
LogPluginManager: Mounting plugin ImgMedia
LogPluginManager: Mounting plugin LinearTimecode
LogPluginManager: Mounting plugin MediaCompositing
LogPluginManager: Mounting plugin MediaPlayerEditor
LogPluginManager: Mounting plugin WmfMedia
LogPluginManager: Mounting plugin TcpMessaging
LogPluginManager: Mounting plugin UdpMessaging
LogPluginManager: Mounting plugin ActorSequence
LogPluginManager: Mounting plugin LevelSequenceEditor
LogPluginManager: Mounting plugin MatineeToLevelSequence
LogPluginManager: Mounting plugin NetcodeUnitTest
LogPluginManager: Mounting plugin NUTUnrealEngine4
LogPluginManager: Mounting plugin OnlineSubsystemGooglePlay
LogPluginManager: Mounting plugin OnlineSubsystemIOS
LogPluginManager: Mounting plugin OnlineSubsystem
LogPluginManager: Mounting plugin OnlineSubsystemNull
LogPluginManager: Mounting plugin OnlineSubsystemUtils
LogPluginManager: Mounting plugin LauncherChunkInstaller
LogPluginManager: Mounting plugin AndroidDeviceProfileSelector
LogPluginManager: Mounting plugin AndroidMoviePlayer
LogPluginManager: Mounting plugin AndroidPermission
LogPluginManager: Mounting plugin AppleMoviePlayer
LogPluginManager: Mounting plugin ArchVisCharacter
LogPluginManager: Mounting plugin AudioCapture
LogPluginManager: Mounting plugin CableComponent
LogPluginManager: Mounting plugin CustomMeshComponent
LogPluginManager: Mounting plugin EditableMesh
LogPluginManager: Mounting plugin ExampleDeviceProfileSelector
LogPluginManager: Mounting plugin GoogleCloudMessaging
LogPluginManager: Mounting plugin ImmediatePhysics
LogPluginManager: Mounting plugin IOSDeviceProfileSelector
LogPluginManager: Mounting plugin LinuxDeviceProfileSelector
LogPluginManager: Mounting plugin LocationServicesBPLibrary
LogPluginManager: Mounting plugin MobilePatchingUtils
LogPluginManager: Mounting plugin OculusVR
LogPluginManager: Plugin shader directory ../../../Engine/Plugins/Runtime/Oculus/OculusVR/Shaders found
LogPluginManager: Mapping shader source directory ../../../Engine/Plugins/Runtime/Oculus/OculusVR/Shaders to virtual directory /Plugin/OculusVR
LogPluginManager: Mounting plugin PhysXVehicles
LogPluginManager: Mounting plugin ProceduralMeshComponent
LogPluginManager: Mounting plugin RuntimePhysXCooking
LogPluginManager: Mounting plugin SteamVR
LogPluginManager: Mounting plugin WindowsMoviePlayer
LogStreaming: Display: Took  0.201s to configure plugins.
LogInit: Using libcurl 7.55.1-DEV
LogInit:  - built for x86_64-pc-win32
LogInit:  - supports SSL with OpenSSL/1.0.2h
LogInit:  - supports HTTP deflate (compression) using libz 1.2.8
LogInit:  - other features:
LogInit:      CURL_VERSION_SSL
LogInit:      CURL_VERSION_LIBZ
LogInit:      CURL_VERSION_IPV6
LogInit:      CURL_VERSION_ASYNCHDNS
LogInit:      CURL_VERSION_LARGEFILE
LogInit:      CURL_VERSION_IDN
LogInit:  CurlRequestOptions (configurable via config and command line):
LogInit:  - bVerifyPeer = false  - Libcurl will NOT verify peer certificate
LogInit:  - bUseHttpProxy = false  - Libcurl will NOT use HTTP proxy
LogInit:  - bDontReuseConnections = false  - Libcurl will reuse connections
LogInit:  - CertBundlePath = nullptr  - Libcurl will use whatever was configured at build time.
LogInit:  - MaxHostConnections = 16  - Libcurl will limit the number of connections to a host
LogInit:  - LocalHostAddr = Default
LogInit:  - BufferSize = 65536
LogInit: WinSock: version 1.1 (2.2), MaxSocks=32767, MaxUdp=65467
LogInit: Build: ++UE4+Release-4.20-CL-4369336
LogInit: Engine Version: 4.20.3-4369336+++UE4+Release-4.20
LogInit: Compatible Engine Version: 4.20.0-4212847+++UE4+Release-4.20
LogInit: Net CL: 4212847
LogInit: OS: Windows 10 (), CPU:        Intel(R) Core(TM) i5-3570K CPU @ 3.40GHz, GPU: NVIDIA GeForce GTX 1070
LogInit: Compiled (64-bit): Sep 17 2018 12:26:19
LogInit: Compiled with Visual C++: 19.13.26129.00
LogInit: Build Configuration: Development
LogInit: Branch Name: ++UE4+Release-4.20
LogInit: Command Line:  
LogInit: Base Directory: E:/UE_4.20/Engine/Binaries/Win64/
LogInit: Installed Engine Build: 1
LogDevObjectVersion: Number of dev versions registered: 20
LogDevObjectVersion:   Dev-Blueprints (B0D832E4-1F89-4F0D-ACCF-7EB736FD4AA2): 10
LogDevObjectVersion:   Dev-Build (E1C64328-A22C-4D53-A36C-8E866417BD8C): 0
LogDevObjectVersion:   Dev-Core (375EC13C-06E4-48FB-B500-84F0262A717E): 2
LogDevObjectVersion:   Dev-Editor (E4B068ED-F494-42E9-A231-DA0B2E46BB41): 24
LogDevObjectVersion:   Dev-Framework (CFFC743F-43B0-4480-9391-14DF171D2073): 34
LogDevObjectVersion:   Dev-Mobile (B02B49B5-BB20-44E9-A304-32B752E40360): 2
LogDevObjectVersion:   Dev-Networking (A4E4105C-59A1-49B5-A7C5-40C4547EDFEE): 0
LogDevObjectVersion:   Dev-Online (39C831C9-5AE6-47DC-9A44-9C173E1C8E7C): 0
LogDevObjectVersion:   Dev-Physics (78F01B33-EBEA-4F98-B9B4-84EACCB95AA2): 0
LogDevObjectVersion:   Dev-Platform (6631380F-2D4D-43E0-8009-CF276956A95A): 0
LogDevObjectVersion:   Dev-Rendering (12F88B9F-8875-4AFC-A67C-D90C383ABD29): 26
LogDevObjectVersion:   Dev-Sequencer (7B5AE74C-D270-4C10-A958-57980B212A5A): 9
LogDevObjectVersion:   Dev-VR (D7296918-1DD6-4BDD-9DE2-64A83CC13884): 2
LogDevObjectVersion:   Dev-LoadTimes (C2A15278-BFE7-4AFE-6C17-90FF531DF755): 1
LogDevObjectVersion:   Private-Geometry (6EACA3D4-40EC-4CC1-B786-8BED09428FC5): 3
LogDevObjectVersion:   Dev-AnimPhys (29E575DD-E0A3-4627-9D10-D276232CDCEA): 17
LogDevObjectVersion:   Dev-ReflectionCapture (6B266CEC-1EC7-4B8F-A30B-E4D90942FC07): 1
LogDevObjectVersion:   Dev-Automation (0DF73D61-A23F-47EA-B727-89E90C41499A): 1
LogDevObjectVersion:   FortniteMain (601D1886-AC64-4F84-AA16-D3DE0DEAC7D6): 12
LogDevObjectVersion:   Dev-Enterprise (9DFFBCD6-494F-0158-E221-12823C92A888): 1
LogStreaming: Display: Took  0.000s to delete old logs.
LogInit: Presizing for max 8388607 objects, including 0 objects not considered by GC, pre-allocating 0 bytes for permanent pool.
LogInit: Object subsystem initialized
[2018.11.23-23.06.23:760][  0]LogInit: Selected Device Profile: [Windows]
[2018.11.23-23.06.23:760][  0]LogInit: Applying CVar settings loaded from the selected device profile: [Windows]
[2018.11.23-23.06.23:795][  0]LogHAL: Display: Platform has ~ 16 GB [16855703552 / 17179869184 / 16], which maps to Larger [LargestMinGB=32, LargerMinGB=12, DefaultMinGB=8, SmallerMinGB=6, SmallestMinGB=0)
[2018.11.23-23.06.23:795][  0]LogInit: Setting Device Profile CVar: [[r.Vulkan.UseRealUBs:1]]
[2018.11.23-23.06.23:795][  0]LogInit: Going up to parent DeviceProfile []
[2018.11.23-23.06.23:832][  0]LogInit: Computer: MAX-PC
[2018.11.23-23.06.23:832][  0]LogInit: User: maxsa
[2018.11.23-23.06.23:832][  0]LogInit: CPU Page size=4096, Cores=4
[2018.11.23-23.06.23:832][  0]LogInit: High frequency timer resolution =3.420552 MHz
[2018.11.23-23.06.23:832][  0]LogMemory: Memory total: Physical=15.7GB (16GB approx)
[2018.11.23-23.06.23:832][  0]LogMemory: Platform Memory Stats for Windows
[2018.11.23-23.06.23:832][  0]LogMemory: Process Physical Memory: 99.79 MB used, 99.79 MB peak
[2018.11.23-23.06.23:832][  0]LogMemory: Process Virtual Memory: 84.28 MB used, 84.28 MB peak
[2018.11.23-23.06.23:832][  0]LogMemory: Physical Memory: 7335.14 MB used,  8739.71 MB free, 16074.85 MB total
[2018.11.23-23.06.23:832][  0]LogMemory: Virtual Memory: 4620.27 MB used,  8739.71 MB free, 134217728.00 MB total
[2018.11.23-23.06.26:744][  0]LogInit: Using OS detected language (en-US).
[2018.11.23-23.06.26:744][  0]LogInit: Using OS detected locale (en-CA).
[2018.11.23-23.06.26:869][  0]LogTextLocalizationManager: No specific localization for 'en-US' exists, so the 'en' localization will be used.
[2018.11.23-23.06.28:213][  0]LogStreaming: Display: Took  1.469s to InitEngineTextLocalization.
[2018.11.23-23.06.28:213][  0]LogInit: Setting process to per monitor DPI aware
[2018.11.23-23.06.28:625][  0]LogSlate: New Slate User Created.  User Index 0, Is Virtual User: 0
[2018.11.23-23.06.28:625][  0]LogSlate: Slate User Registered.  User Index 0, Is Virtual User: 0
[2018.11.23-23.06.32:188][  0]LogHMD: Failed to initialize OpenVR with code 105
[2018.11.23-23.06.32:189][  0]LogD3D11RHI: D3D11 adapters:
[2018.11.23-23.06.32:266][  0]LogD3D11RHI:    0. 'NVIDIA GeForce GTX 1070' (Feature Level 11_0)
[2018.11.23-23.06.32:266][  0]LogD3D11RHI:       8088/0/8037 MB DedicatedVideo/DedicatedSystem/SharedSystem, Outputs:2, VendorId:0x10de
[2018.11.23-23.06.32:280][  0]LogD3D11RHI:    1. 'Intel(R) HD Graphics 4000' (Feature Level 11_0)
[2018.11.23-23.06.32:280][  0]LogD3D11RHI:       224/0/1568 MB DedicatedVideo/DedicatedSystem/SharedSystem, Outputs:0, VendorId:0x8086
[2018.11.23-23.06.32:286][  0]LogD3D11RHI:    2. 'Microsoft Basic Render Driver' (Feature Level 11_0)
[2018.11.23-23.06.32:286][  0]LogD3D11RHI:       0/0/8037 MB DedicatedVideo/DedicatedSystem/SharedSystem, Outputs:0, VendorId:0x1414
[2018.11.23-23.06.32:286][  0]LogD3D11RHI: Chosen D3D11 Adapter: 0
[2018.11.23-23.06.32:294][  0]LogD3D11RHI: Creating new Direct3DDevice
[2018.11.23-23.06.32:294][  0]LogD3D11RHI:     GPU DeviceId: 0x1b81 (for the marketing name, search the web for "GPU Device Id")
[2018.11.23-23.06.32:294][  0]LogWindows: EnumDisplayDevices:
[2018.11.23-23.06.32:294][  0]LogWindows:    0. 'NVIDIA GeForce GTX 1070' (P:1 D:1)
[2018.11.23-23.06.32:295][  0]LogWindows:    1. 'NVIDIA GeForce GTX 1070' (P:0 D:1)
[2018.11.23-23.06.32:295][  0]LogWindows:    2. 'NVIDIA GeForce GTX 1070' (P:0 D:0)
[2018.11.23-23.06.32:295][  0]LogWindows:    3. 'NVIDIA GeForce GTX 1070' (P:0 D:0)
[2018.11.23-23.06.32:295][  0]LogWindows:    4. 'Intel(R) HD Graphics 4000' (P:0 D:0)
[2018.11.23-23.06.32:295][  0]LogWindows:    5. 'Intel(R) HD Graphics 4000' (P:0 D:0)
[2018.11.23-23.06.32:296][  0]LogWindows:    6. 'Intel(R) HD Graphics 4000' (P:0 D:0)
[2018.11.23-23.06.32:296][  0]LogWindows: DebugString: PrimaryIsNotTheChoosenAdapter PrimaryIsNotTheChoosenAdapter PrimaryIsNotTheChoosenAdapter FoundDriverCount:4 
[2018.11.23-23.06.32:296][  0]LogD3D11RHI:     Adapter Name: NVIDIA GeForce GTX 1070
[2018.11.23-23.06.32:296][  0]LogD3D11RHI:   Driver Version: 416.94 (internal:25.21.14.1694, unified:416.94)
[2018.11.23-23.06.32:296][  0]LogD3D11RHI:      Driver Date: 11-12-2018
[2018.11.23-23.06.32:296][  0]LogRHI: Texture pool is 5661 MB (70% of 8088 MB)
[2018.11.23-23.06.32:345][  0]LogD3D11RHI: Async texture creation enabled
[2018.11.23-23.06.32:385][  0]LogD3D11RHI: GPU Timing Frequency: 1000.000000 (Debug: 2 2)
[2018.11.23-23.06.32:429][  0]LogShaderCompilers: Guid format shader working directory is -10 characters bigger than the processId version (C:/Users/maxsa/Desktop/Unreal Projects/BatteryCollector/Intermediate/Shaders/WorkingDirectory/11632/).
[2018.11.23-23.06.32:429][  0]LogShaderCompilers: Cleaned the shader compiler working directory 'C:/Users/maxsa/AppData/Local/Temp/UnrealShaderWorkingDir/ACEAD6FB45D66D338CF796985F169331/'.
[2018.11.23-23.06.33:271][  0]LogTemp: Display: Loaded TP AllDesktopTargetPlatform
[2018.11.23-23.06.33:301][  0]LogTemp: Display: Loaded TP MacClientTargetPlatform
[2018.11.23-23.06.33:336][  0]LogTemp: Display: Loaded TP MacNoEditorTargetPlatform
[2018.11.23-23.06.33:360][  0]LogTemp: Display: Loaded TP MacServerTargetPlatform
[2018.11.23-23.06.33:401][  0]LogTemp: Display: Loaded TP MacTargetPlatform
[2018.11.23-23.06.33:436][  0]LogTemp: Display: Loaded TP WindowsClientTargetPlatform
[2018.11.23-23.06.33:467][  0]LogTemp: Display: Loaded TP WindowsNoEditorTargetPlatform
[2018.11.23-23.06.33:498][  0]LogTemp: Display: Loaded TP WindowsServerTargetPlatform
[2018.11.23-23.06.33:523][  0]LogTemp: Display: Loaded TP WindowsTargetPlatform
[2018.11.23-23.06.33:752][  0]LogTemp: Display: Loaded TP AndroidTargetPlatform
[2018.11.23-23.06.33:752][  0]LogTemp: Display: Loaded TP AndroidTargetPlatform
[2018.11.23-23.06.33:752][  0]LogTemp: Display: Loaded TP AndroidTargetPlatform
[2018.11.23-23.06.33:752][  0]LogTemp: Display: Loaded TP AndroidTargetPlatform
[2018.11.23-23.06.33:752][  0]LogTemp: Display: Loaded TP AndroidTargetPlatform
[2018.11.23-23.06.33:752][  0]LogTemp: Display: Loaded TP AndroidTargetPlatform
[2018.11.23-23.06.33:752][  0]LogTemp: Display: Loaded TP AndroidTargetPlatform
[2018.11.23-23.06.33:752][  0]LogTemp: Display: Loaded TP AndroidTargetPlatform
[2018.11.23-23.06.33:752][  0]LogTemp: Display: Loaded TP AndroidTargetPlatform
[2018.11.23-23.06.33:752][  0]LogTemp: Display: Loaded TP AndroidTargetPlatform
[2018.11.23-23.06.33:752][  0]LogTemp: Display: Loaded TP AndroidTargetPlatform
[2018.11.23-23.06.33:752][  0]LogTemp: Display: Loaded TP AndroidTargetPlatform
[2018.11.23-23.06.33:752][  0]LogTemp: Display: Loaded TP AndroidTargetPlatform
[2018.11.23-23.06.33:752][  0]LogTemp: Display: Loaded TP AndroidTargetPlatform
[2018.11.23-23.06.33:752][  0]LogTemp: Display: Loaded TP AndroidTargetPlatform
[2018.11.23-23.06.33:752][  0]LogTemp: Display: Loaded TP AndroidTargetPlatform
[2018.11.23-23.06.33:752][  0]LogTemp: Display: Loaded TP AndroidTargetPlatform
[2018.11.23-23.06.33:752][  0]LogTemp: Display: Loaded TP AndroidTargetPlatform
[2018.11.23-23.06.33:781][  0]LogTemp: Display: Loaded TP HTML5TargetPlatform
[2018.11.23-23.06.33:966][  0]LogTemp: Display: Loaded TP IOSTargetPlatform
[2018.11.23-23.06.33:966][  0]LogTemp: Display: Loaded TP IOSTargetPlatform
[2018.11.23-23.06.34:026][  0]LogTemp: Display: Loaded TP TVOSTargetPlatform
[2018.11.23-23.06.34:026][  0]LogTemp: Display: Loaded TP TVOSTargetPlatform
[2018.11.23-23.06.34:077][  0]LogTemp: Display: Loaded TP LinuxClientTargetPlatform
[2018.11.23-23.06.34:104][  0]LogTemp: Display: Loaded TP LinuxNoEditorTargetPlatform
[2018.11.23-23.06.34:154][  0]LogTemp: Display: Loaded TP LinuxServerTargetPlatform
[2018.11.23-23.06.34:227][  0]LogTemp: Display: Loaded TP LinuxTargetPlatform
[2018.11.23-23.06.34:256][  0]LogTemp: Display: Loaded TP LuminTargetPlatform
[2018.11.23-23.06.34:256][  0]LogTargetPlatformManager: Display: Building Assets For Windows
[2018.11.23-23.06.36:195][  0]LogXGEController: Cleaning working directory: C:/Users/maxsa/AppData/Local/Temp/UnrealXGEWorkingDir/
[2018.11.23-23.06.36:196][  0]LogXGEController: Cannot use XGE Controller as Incredibuild is not installed on this machine.
[2018.11.23-23.06.36:196][  0]LogShaderCompilers: Cannot use XGE Shader Compiler as Incredibuild is not installed on this machine.
[2018.11.23-23.06.36:196][  0]LogShaderCompilers: Display: Using Local Shader Compiler.
[2018.11.23-23.06.40:153][  0]LogDerivedDataCache: Display: Max Cache Size: 512 MB
[2018.11.23-23.06.40:412][  0]LogDerivedDataCache: Loaded boot cache 0.26s 73MB C:/Users/maxsa/AppData/Local/UnrealEngine/4.20/DerivedDataCache/Boot.ddc.
[2018.11.23-23.06.40:412][  0]LogDerivedDataCache: Display: Loaded Boot cache: C:/Users/maxsa/AppData/Local/UnrealEngine/4.20/DerivedDataCache/Boot.ddc
[2018.11.23-23.06.40:412][  0]LogDerivedDataCache: FDerivedDataBackendGraph:  Pak pak cache file C:/Users/maxsa/Desktop/Unreal Projects/BatteryCollector/DerivedDataCache/DDC.ddp not found, will not use a pak cache.
[2018.11.23-23.06.40:412][  0]LogDerivedDataCache: Unable to find inner node Pak for hierarchical cache Hierarchy.
[2018.11.23-23.06.40:412][  0]LogDerivedDataCache: FDerivedDataBackendGraph:  CompressedPak pak cache file C:/Users/maxsa/Desktop/Unreal Projects/BatteryCollector/DerivedDataCache/Compressed.ddp not found, will not use a pak cache.
[2018.11.23-23.06.40:412][  0]LogDerivedDataCache: Unable to find inner node CompressedPak for hierarchical cache Hierarchy.
[2018.11.23-23.06.40:497][  0]LogDerivedDataCache: Display: Pak cache opened for reading ../../../Engine/DerivedDataCache/Compressed.ddp.
[2018.11.23-23.06.40:510][  0]LogDerivedDataCache: Using Local data cache path C:/Users/maxsa/AppData/Local/UnrealEngine/Common/DerivedDataCache: Writable
[2018.11.23-23.06.40:510][  0]LogDerivedDataCache: Shared data cache path not found in *engine.ini, will not use an Shared cache.
[2018.11.23-23.06.40:510][  0]LogDerivedDataCache: Unable to find inner node Shared for hierarchical cache Hierarchy.
[2018.11.23-23.06.40:528][  0]LogMaterial: Verifying Global Shaders for PCD3D_SM5
[2018.11.23-23.06.40:530][  0]LogSlate: Using FreeType 2.6.0
[2018.11.23-23.06.40:607][  0]LogSlate: SlateFontServices - WITH_FREETYPE: 1, WITH_HARFBUZZ: 1
[2018.11.23-23.06.41:129][  0]LogAssetRegistry: FAssetRegistry took 0.0264 seconds to start up
[2018.11.23-23.06.41:565][  0]LogInit: Selected Device Profile: [Windows]
[2018.11.23-23.06.45:371][  0]LogSimplygon: Simplygon DLL not present - disabling.
[2018.11.23-23.06.46:935][  0]LogMeshReduction: Using SimplygonSwarm for distributed automatic mesh merging
[2018.11.23-23.06.46:961][  0]LogMeshReduction: Using ProxyLODMeshReduction for automatic mesh merging
[2018.11.23-23.06.47:043][  0]LogMeshReduction: Using QuadricMeshReduction for automatic static mesh reduction
[2018.11.23-23.06.47:043][  0]LogMeshReduction: No automatic skeletal mesh reduction module available
[2018.11.23-23.06.47:339][  0]LogNetVersion: BatteryCollector 1.0.0, NetCL: 4212847, EngineNetVer: 5, GameNetVer: 0 (Checksum: 1197952700)
[2018.11.23-23.06.54:921][  0]LogPackageLocalizationCache: Processed 11 localized package path(s) for 2 prioritized culture(s) in 0.127476 seconds
[2018.11.23-23.06.54:929][  0]LogUObjectArray: 38425 objects as part of root set at end of initial load.
[2018.11.23-23.06.54:929][  0]LogUObjectAllocator: 6690872 out of 0 bytes used by permanent object pool.
[2018.11.23-23.06.54:929][  0]LogUObjectArray: CloseDisregardForGC: 0/0 objects in disregard for GC pool
[2018.11.23-23.07.13:322][  0]LogTcpMessaging: Initializing TcpMessaging bridge
[2018.11.23-23.07.13:415][  0]LogUdpMessaging: Initializing bridge on interface 0.0.0.0:0 to multicast group 230.0.0.1:6666.
[2018.11.23-23.07.15:758][  0]SourceControl: Source control is disabled
[2018.11.23-23.07.15:758][  0]SourceControl: Source control is disabled
[2018.11.23-23.07.15:856][  0]SourceControl: Source control is disabled
[2018.11.23-23.07.16:075][  0]SourceControl: Source control is disabled
[2018.11.23-23.07.18:825][  0]LogAndroidPermission: UAndroidPermissionCallbackProxy::GetInstance
[2018.11.23-23.07.19:291][  0]LogOcInput: OculusInput pre-init called
[2018.11.23-23.07.19:960][  0]LogEngine: Initializing Engine...
[2018.11.23-23.07.19:963][  0]LogHMD: Failed to initialize OpenVR with code 105
[2018.11.23-23.07.19:964][  0]LogStats: UGameplayTagsManager::ConstructGameplayTagTree: ImportINI prefixes -  0.000 s
[2018.11.23-23.07.19:964][  0]LogStats: UGameplayTagsManager::ConstructGameplayTagTree: Construct from data asset -  0.000 s
[2018.11.23-23.07.19:964][  0]LogStats: UGameplayTagsManager::ConstructGameplayTagTree: ImportINI -  0.000 s
[2018.11.23-23.07.19:964][  0]LogStats: UGameplayTagsManager::ConstructGameplayTagTree: GameplayTagTreeChangedEvent.Broadcast -  0.000 s
[2018.11.23-23.07.20:905][  0]LogInit: Initializing FReadOnlyCVARCache
[2018.11.23-23.07.20:966][  0]LogAIModule: Creating AISystem for world Untitled
[2018.11.23-23.07.20:986][  0]LogInit: XAudio2 using 'Headphones (Realtek High Definition Audio)' : 2 channels at 48 kHz using 32 bits per sample (channel mask 0x3)
[2018.11.23-23.07.21:006][  0]LogInit: FAudioDevice initialized.
[2018.11.23-23.07.21:006][  0]LogNetVersion: Set ProjectVersion to 1.0.0.0. Version Checksum will be recalculated on next use.
[2018.11.23-23.07.21:057][  0]LogDerivedDataCache: Saved boot cache 0.05s 73MB C:/Users/maxsa/AppData/Local/UnrealEngine/4.20/DerivedDataCache/Boot.ddc.
[2018.11.23-23.07.21:068][  0]LogInit: Texture streaming: Enabled
[2018.11.23-23.07.21:163][  0]LogEngineSessionManager: EngineSessionManager initialized
[2018.11.23-23.07.21:200][  0]LogInit: Transaction tracking system initialized
[2018.11.23-23.07.21:369][  0]BlueprintLog: New page: Editor Load
[2018.11.23-23.07.23:853][  0]LocalizationService: Localization service is disabled
[2018.11.23-23.07.25:172][  0]LogLinker: Warning: Can't find file '/Game/FirstPersonBP/FirstPersonOverview'
[2018.11.23-23.07.25:172][  0]LogLinker: Warning: Can't find file '/Game/FirstPersonBP/FirstPersonOverview'
[2018.11.23-23.07.25:172][  0]LogUObjectGlobals: Warning: Failed to find object 'Class /Game/FirstPersonBP/FirstPersonOverview.FirstPersonOverview_C'
[2018.11.23-23.07.29:829][  0]LogCook: Display: Max memory allowance for cook 16384mb min free memory 0mb
[2018.11.23-23.07.29:829][  0]LogCook: Display: Mobile HDR setting 1
[2018.11.23-23.07.29:829][  0]LogGameplayTags: Display: UGameplayTagsManager::DoneAddingNativeTags. DelegateIsBound: 0
[2018.11.23-23.07.29:829][  0]LogStats: UGameplayTagsManager::ConstructGameplayTagTree: ImportINI prefixes -  0.000 s
[2018.11.23-23.07.29:829][  0]LogStats: UGameplayTagsManager::ConstructGameplayTagTree: Construct from data asset -  0.000 s
[2018.11.23-23.07.29:829][  0]LogStats: UGameplayTagsManager::ConstructGameplayTagTree: ImportINI -  0.000 s
[2018.11.23-23.07.29:829][  0]LogStats: UGameplayTagsManager::ConstructGameplayTagTree: GameplayTagTreeChangedEvent.Broadcast -  0.000 s
[2018.11.23-23.07.30:834][  0]LogFileCache: Scanning file cache for directory 'C:/Users/maxsa/Desktop/Unreal Projects/BatteryCollector/Content/' took 0.02s
[2018.11.23-23.07.34:322][  0]SourceControl: Source control is disabled
[2018.11.23-23.07.34:322][  0]Cmd: MAP LOAD FILE="C:/Users/maxsa/Desktop/Unreal Projects/BatteryCollector/Content/ThirdPersonCPP/Maps/ThirdPersonExampleMap.umap" TEMPLATE=0 SHOWPROGRESS=1 FEATURELEVEL=3
[2018.11.23-23.07.34:333][  0]LightingResults: New page: Lighting Build
[2018.11.23-23.07.34:339][  0]MapCheck: New page: Map Check
[2018.11.23-23.07.34:339][  0]LightingResults: New page: Lighting Build
[2018.11.23-23.07.36:717][  0]LogAIModule: Creating AISystem for world ThirdPersonExampleMap
[2018.11.23-23.07.36:824][  0]LogEditorServer: Finished looking for orphan Actors (0.000 secs)
[2018.11.23-23.07.36:846][  0]Cmd: MAP CHECKDEP NOCLEARLOG
[2018.11.23-23.07.36:907][  0]MapCheck: Map check complete: 0 Error(s), 0 Warning(s), took 60.103ms to complete.
[2018.11.23-23.07.36:907][  0]LogFileHelpers: Loading map 'ThirdPersonExampleMap' took 2.585
[2018.11.23-23.07.37:210][  0]LogSlate: Updating window title bar state: overlay mode, drag disabled, window buttons hidden, title bar hidden
[2018.11.23-23.07.37:219][  0]LogSlate: Updating window title bar state: overlay mode, drag disabled, window buttons hidden, title bar hidden
[2018.11.23-23.07.37:228][  0]LogSlate: Updating window title bar state: overlay mode, drag disabled, window buttons hidden, title bar hidden
[2018.11.23-23.07.37:237][  0]LogSlate: Updating window title bar state: overlay mode, drag disabled, window buttons hidden, title bar hidden
[2018.11.23-23.07.37:298][  0]LogCollectionManager: Loaded 0 collections in 0.001540 seconds
[2018.11.23-23.07.37:345][  0]LogFileCache: Scanning file cache for directory 'C:/Users/maxsa/Desktop/Unreal Projects/BatteryCollector/Saved/Collections/' took 0.01s
[2018.11.23-23.07.37:346][  0]LogFileCache: Scanning file cache for directory 'C:/Users/maxsa/Desktop/Unreal Projects/BatteryCollector/Content/Developers/maxsa/Collections/' took 0.01s
[2018.11.23-23.07.37:346][  0]LogFileCache: Scanning file cache for directory 'C:/Users/maxsa/Desktop/Unreal Projects/BatteryCollector/Content/Collections/' took 0.01s
[2018.11.23-23.07.37:346][  0]LogCollectionManager: Rebuilt the GUID cache for 0 collections in 0.000001 seconds
[2018.11.23-23.07.37:355][  0]LogContentBrowser: Native class hierarchy populated in 0.0095 seconds. Added 2574 classes and 605 folders.
[2018.11.23-23.07.37:361][  0]LogContentBrowser: Native class hierarchy updated for 'WidgetCarousel' in 0.0003 seconds. Added 0 classes and 0 folders.
[2018.11.23-23.07.38:597][  0]LogContentBrowser: Native class hierarchy updated for 'AddContentDialog' in 0.0005 seconds. Added 0 classes and 0 folders.
[2018.11.23-23.07.38:651][  0]LogContentBrowser: Native class hierarchy updated for 'SceneOutliner' in 0.0005 seconds. Added 1 classes and 2 folders.
[2018.11.23-23.07.38:694][  0]LogSlate: Took 0.025580 seconds to synchronously load lazily loaded font '../../../Engine/Content/Slate/Fonts/Roboto-Regular.ttf' (155K)
[2018.11.23-23.07.38:729][  0]LogSlate: Took 0.032604 seconds to synchronously load lazily loaded font '../../../Engine/Content/Slate/Fonts/Roboto-Bold.ttf' (160K)
[2018.11.23-23.07.38:756][  0]LogSlate: Took 0.021235 seconds to synchronously load lazily loaded font '../../../Engine/Content/Editor/Slate/Fonts/FontAwesome.ttf' (139K)
[2018.11.23-23.07.39:107][  0]LogRenderer: Reallocating scene render targets to support 1208x576 Format 10 NumSamples 1 (Frame:1).
[2018.11.23-23.07.39:339][  0]LogContentBrowser: Native class hierarchy updated for 'HierarchicalLODOutliner' in 0.0004 seconds. Added 0 classes and 0 folders.
[2018.11.23-23.07.39:339][  0]LogLoad: (Engine Initialization) Total time: 115.95 seconds
[2018.11.23-23.07.39:339][  0]LogLoad: (Engine Initialization) Total Blueprint compile time: 0.00 seconds
[2018.11.23-23.07.39:375][  0]LogContentStreaming: Texture pool size now 1000 MB
[2018.11.23-23.07.39:476][  0]LogSlate: Took 0.023041 seconds to synchronously load lazily loaded font '../../../Engine/Content/Slate/Fonts/Roboto-Light.ttf' (167K)
[2018.11.23-23.07.39:499][  1]LogAssetRegistry: Asset discovery search completed in 58.3916 seconds
[2018.11.23-23.07.39:501][  1]LogCollectionManager: Rebuilt the object cache for 0 collections in 0.000001 seconds (found 0 objects)
[2018.11.23-23.07.39:501][  1]LogCollectionManager: Fixed up redirectors for 0 collections in 0.000148 seconds (updated 0 objects)
[2018.11.23-23.07.48:533][515]LogSlate: FSceneViewport::OnFocusLost() reason 2
[2018.11.23-23.08.47:361][447]LogSlate: FSceneViewport::OnFocusLost() reason 2
[2018.11.23-23.08.47:582][468]LogSlate: FSceneViewport::OnFocusLost() reason 2
[2018.11.23-23.08.50:710][830]LogSlate: FSceneViewport::OnFocusLost() reason 2
[2018.11.23-23.12.51:364][711]LogSlate: FSceneViewport::OnFocusLost() reason 0
[2018.11.23-23.36.01:737][334]LogSlate: Took 0.000214 seconds to synchronously load lazily loaded font '../../../Engine/Content/Slate/Fonts/Roboto-Light.ttf' (167K)
[2018.11.23-23.36.03:187][334]LogSavePackage: Moving 'C:/Users/maxsa/Desktop/Unreal Projects/BatteryCollector/Saved/ThirdPersonExampleMap92F137D54CA70815E314A8BD774FE700.tmp' to 'C:/Users/maxsa/Desktop/Unreal Projects/BatteryCollector/Content/ThirdPersonCPP/Maps/ThirdPersonExampleMap.umap'
[2018.11.23-23.36.03:512][334]LogSavePackage: Moving 'C:/Users/maxsa/Desktop/Unreal Projects/BatteryCollector/Saved/ThirdPersonExampleMap_BuiltData48B620BB43325256E0DD7482B4BB308E.tmp' to 'C:/Users/maxsa/Desktop/Unreal Projects/BatteryCollector/Content/ThirdPersonCPP/Maps/ThirdPersonExampleMap_BuiltData.uasset'
[2018.11.23-23.45.25:209][157]LogSlate: Window 'BatteryCollector - Unreal Editor' being destroyed
[2018.11.23-23.45.25:434][158]Cmd: QUIT_EDITOR
[2018.11.23-23.45.25:464][158]LogWindowsTextInputMethodSystem: Display: IME system now deactivated.
[2018.11.23-23.45.25:485][158]LogExit: Preparing to exit.
[2018.11.23-23.45.25:982][158]LogExit: Editor shut down
[2018.11.23-23.45.25:983][158]LogExit: Transaction tracking system shut down
[2018.11.23-23.45.26:492][158]LogExit: Object subsystem successfully closed.
[2018.11.23-23.45.26:525][158]LogShaderCompilers: Display: Shaders left to compile 0
[2018.11.23-23.45.26:532][158]LogD3D11RHI: Shutdown
[2018.11.23-23.45.26:532][158]LogD3D11RHI: CleanupD3DDevice
[2018.11.23-23.45.26:534][158]LogD3D11RHI: ~FD3D11DynamicRHI
[2018.11.23-23.45.26:551][158]LogModuleManager: Shutting down and abandoning module HierarchicalLODOutliner (612)
[2018.11.23-23.45.26:551][158]LogModuleManager: Shutting down and abandoning module SceneOutliner (610)
[2018.11.23-23.45.26:551][158]LogModuleManager: Shutting down and abandoning module AddContentDialog (608)
[2018.11.23-23.45.26:552][158]LogModuleManager: Shutting down and abandoning module WidgetCarousel (607)
[2018.11.23-23.45.26:553][158]LogModuleManager: Shutting down and abandoning module EditorWidgets (604)
[2018.11.23-23.45.26:553][158]LogModuleManager: Shutting down and abandoning module CollectionManager (602)
[2018.11.23-23.45.26:553][158]LogModuleManager: Shutting down and abandoning module StatsViewer (600)
[2018.11.23-23.45.26:553][158]LogModuleManager: Shutting down and abandoning module FoliageEdit (598)
[2018.11.23-23.45.26:553][158]LogModuleManager: Shutting down and abandoning module LandscapeEditor (596)
[2018.11.23-23.45.26:553][158]LogModuleManager: Shutting down and abandoning module MeshPaintMode (594)
[2018.11.23-23.45.26:553][158]LogModuleManager: Shutting down and abandoning module SceneDepthPickerMode (592)
[2018.11.23-23.45.26:553][158]LogModuleManager: Shutting down and abandoning module ActorPickerMode (590)
[2018.11.23-23.45.26:553][158]LogModuleManager: Shutting down and abandoning module GeometryMode (588)
[2018.11.23-23.45.26:553][158]LogModuleManager: Shutting down and abandoning module TextureAlignMode (586)
[2018.11.23-23.45.26:553][158]LogModuleManager: Shutting down and abandoning module BspMode (584)
[2018.11.23-23.45.26:553][158]LogModuleManager: Shutting down and abandoning module PIEPreviewDeviceProfileSelector (582)
[2018.11.23-23.45.26:553][158]LogModuleManager: Shutting down and abandoning module SequenceRecorderSections (580)
[2018.11.23-23.45.26:553][158]LogModuleManager: Shutting down and abandoning module AutomationWorker (578)
[2018.11.23-23.45.26:553][158]LogModuleManager: Shutting down and abandoning module AudioCaptureEditor (576)
[2018.11.23-23.45.26:553][158]LogModuleManager: Shutting down and abandoning module SequenceRecorder (575)
[2018.11.23-23.45.26:553][158]LogModuleManager: Shutting down and abandoning module MatineeToLevelSequence (572)
[2018.11.23-23.45.26:553][158]LogModuleManager: Shutting down and abandoning module LevelSequenceEditor (570)
[2018.11.23-23.45.26:553][158]LogModuleManager: Shutting down and abandoning module PlacementMode (569)
[2018.11.23-23.45.26:553][158]LogModuleManager: Shutting down and abandoning module MaterialEditor (568)
[2018.11.23-23.45.26:553][158]LogModuleManager: Shutting down and abandoning module WmfMediaFactory (564)
[2018.11.23-23.45.26:553][158]LogModuleManager: Shutting down and abandoning module WmfMediaEditor (562)
[2018.11.23-23.45.26:553][158]LogModuleManager: Shutting down and abandoning module MediaPlayerEditor (560)
[2018.11.23-23.45.26:553][158]LogModuleManager: Shutting down and abandoning module OpenExrWrapper (558)
[2018.11.23-23.45.26:553][158]LogModuleManager: Shutting down and abandoning module ImgMediaFactory (556)
[2018.11.23-23.45.26:553][158]LogModuleManager: Shutting down and abandoning module ImgMediaEditor (554)
[2018.11.23-23.45.26:553][158]LogModuleManager: Shutting down and abandoning module AvfMediaFactory (552)
[2018.11.23-23.45.26:553][158]LogModuleManager: Shutting down and abandoning module AvfMediaEditor (550)
[2018.11.23-23.45.26:553][158]LogModuleManager: Shutting down and abandoning module AndroidMediaFactory (548)
[2018.11.23-23.45.26:553][158]LogModuleManager: Shutting down and abandoning module AndroidMediaEditor (546)
[2018.11.23-23.45.26:553][158]LogModuleManager: Shutting down and abandoning module MagicLeapCameraPreviewFactory (544)
[2018.11.23-23.45.26:553][158]LogModuleManager: Shutting down and abandoning module MagicLeapMediaFactory (542)
[2018.11.23-23.45.26:553][158]LogModuleManager: Shutting down and abandoning module MagicLeapMediaEditor (540)
[2018.11.23-23.45.26:554][158]LogModuleManager: Shutting down and abandoning module CharacterAI (538)
[2018.11.23-23.45.26:554][158]LogModuleManager: Shutting down and abandoning module SmartSnapping (536)
[2018.11.23-23.45.26:554][158]LogModuleManager: Shutting down and abandoning module SessionServices (534)
[2018.11.23-23.45.26:554][158]LogModuleManager: Shutting down and abandoning module ViewportSnapping (532)
[2018.11.23-23.45.26:554][158]LogModuleManager: Shutting down and abandoning module ViewportInteraction (530)
[2018.11.23-23.45.26:554][158]LogModuleManager: Shutting down and abandoning module ClothPainter (528)
[2018.11.23-23.45.26:554][158]LogModuleManager: Shutting down and abandoning module SkeletalMeshEditor (527)
[2018.11.23-23.45.26:554][158]LogModuleManager: Shutting down and abandoning module LogVisualizer (524)
[2018.11.23-23.45.26:554][158]LogModuleManager: Shutting down and abandoning module IntroTutorials (522)
[2018.11.23-23.45.26:554][158]LogModuleManager: Shutting down and abandoning module GameProjectGeneration (521)
[2018.11.23-23.45.26:554][158]LogModuleManager: Shutting down and abandoning module LuminPlatformEditor (518)
[2018.11.23-23.45.26:554][158]LogModuleManager: Shutting down and abandoning module IOSPlatformEditor (516)
[2018.11.23-23.45.26:554][158]LogModuleManager: Shutting down and abandoning module HTML5PlatformEditor (514)
[2018.11.23-23.45.26:554][158]LogModuleManager: Shutting down and abandoning module AndroidPlatformEditor (512)
[2018.11.23-23.45.26:554][158]LogModuleManager: Shutting down and abandoning module AndroidDeviceDetection (511)
[2018.11.23-23.45.27:405][158]LogModuleManager: Shutting down and abandoning module WindowsPlatformEditor (508)
[2018.11.23-23.45.27:405][158]LogModuleManager: Shutting down and abandoning module LuminRuntimeSettings (506)
[2018.11.23-23.45.27:405][158]LogModuleManager: Shutting down and abandoning module IOSRuntimeSettings (504)
[2018.11.23-23.45.27:405][158]LogModuleManager: Shutting down and abandoning module AndroidRuntimeSettings (502)
[2018.11.23-23.45.27:405][158]LogModuleManager: Shutting down and abandoning module InputBindingEditor (500)
[2018.11.23-23.45.27:405][158]LogModuleManager: Shutting down and abandoning module MergeActors (498)
[2018.11.23-23.45.27:405][158]LogModuleManager: Shutting down and abandoning module LocalizationDashboard (496)
[2018.11.23-23.45.27:405][158]LogModuleManager: Shutting down and abandoning module LocalizationService (495)
[2018.11.23-23.45.27:405][158]LogModuleManager: Shutting down and abandoning module HardwareTargeting (492)
[2018.11.23-23.45.27:405][158]LogModuleManager: Shutting down and abandoning module DeviceProfileEditor (490)
[2018.11.23-23.45.27:405][158]LogModuleManager: Shutting down and abandoning module UndoHistory (488)
[2018.11.23-23.45.27:405][158]LogModuleManager: Shutting down and abandoning module XmlParser (486)
[2018.11.23-23.45.27:405][158]LogModuleManager: Shutting down and abandoning module Blutility (484)
[2018.11.23-23.45.27:405][158]LogModuleManager: Shutting down and abandoning module ProjectSettingsViewer (482)
[2018.11.23-23.45.27:405][158]LogModuleManager: Shutting down and abandoning module ProjectTargetPlatformEditor (481)
[2018.11.23-23.45.27:405][158]LogModuleManager: Shutting down and abandoning module EditorSettingsViewer (478)
[2018.11.23-23.45.27:405][158]LogModuleManager: Shutting down and abandoning module SettingsEditor (476)
[2018.11.23-23.45.27:406][158]LogModuleManager: Shutting down and abandoning module ProjectLauncher (474)
[2018.11.23-23.45.27:406][158]LogModuleManager: Shutting down and abandoning module SessionFrontend (472)
[2018.11.23-23.45.27:406][158]LogModuleManager: Shutting down and abandoning module ProfilerClient (470)
[2018.11.23-23.45.27:406][158]LogModuleManager: Shutting down and abandoning module DeviceManager (468)
[2018.11.23-23.45.27:406][158]LogModuleManager: Shutting down and abandoning module TargetDeviceServices (467)
[2018.11.23-23.45.27:470][158]LogModuleManager: Shutting down and abandoning module AutomationController (464)
[2018.11.23-23.45.27:470][158]LogModuleManager: Shutting down and abandoning module AutomationWindow (462)
[2018.11.23-23.45.27:470][158]LogModuleManager: Shutting down and abandoning module Layers (460)
[2018.11.23-23.45.27:470][158]LogModuleManager: Shutting down and abandoning module ComponentVisualizers (458)
[2018.11.23-23.45.27:470][158]LogModuleManager: Shutting down and abandoning module DetailCustomizations (456)
[2018.11.23-23.45.27:470][158]LogModuleManager: Shutting down and abandoning module PackagesDialog (454)
[2018.11.23-23.45.27:470][158]LogModuleManager: Shutting down and abandoning module Persona (452)
[2018.11.23-23.45.27:470][158]LogModuleManager: Shutting down and abandoning module AdvancedPreviewScene (451)
[2018.11.23-23.45.27:470][158]LogModuleManager: Shutting down and abandoning module AnimGraph (449)
[2018.11.23-23.45.27:470][158]LogModuleManager: Shutting down and abandoning module Kismet (446)
[2018.11.23-23.45.27:471][158]LogModuleManager: Shutting down and abandoning module GraphEditor (444)
[2018.11.23-23.45.27:471][158]LogModuleManager: Shutting down and abandoning module ClassViewer (442)
[2018.11.23-23.45.27:471][158]LogModuleManager: Shutting down and abandoning module Toolbox (440)
[2018.11.23-23.45.27:471][158]LogModuleManager: Shutting down and abandoning module DesktopPlatform (439)
[2018.11.23-23.45.27:471][158]LogModuleManager: Shutting down and abandoning module ModuleUI (436)
[2018.11.23-23.45.27:471][158]LogModuleManager: Shutting down and abandoning module MovieSceneTools (434)
[2018.11.23-23.45.27:471][158]LogModuleManager: Shutting down and abandoning module OutputLog (432)
[2018.11.23-23.45.27:471][158]LogModuleManager: Shutting down and abandoning module GammaUI (430)
[2018.11.23-23.45.27:471][158]LogModuleManager: Shutting down and abandoning module Documentation (428)
[2018.11.23-23.45.27:471][158]LogModuleManager: Shutting down and abandoning module MovieSceneTracks (426)
[2018.11.23-23.45.27:471][158]LogModuleManager: Shutting down and abandoning module MovieScene (424)
[2018.11.23-23.45.27:471][158]LogModuleManager: Shutting down and abandoning module StreamingPauseRendering (422)
[2018.11.23-23.45.27:471][158]LogModuleManager: Shutting down and abandoning module LauncherPlatform (420)
[2018.11.23-23.45.27:471][158]LogModuleManager: Shutting down and abandoning module AnalyticsET (418)
[2018.11.23-23.45.27:471][158]LogModuleManager: Shutting down and abandoning module PortalServices (416)
[2018.11.23-23.45.27:471][158]LogModuleManager: Shutting down and abandoning module PortalRpc (414)
[2018.11.23-23.45.27:471][158]LogModuleManager: Shutting down and abandoning module MessagingRpc (412)
[2018.11.23-23.45.27:471][158]LogModuleManager: Shutting down and abandoning module AIModule (410)
[2018.11.23-23.45.27:471][158]LogModuleManager: Shutting down and abandoning module GameplayDebugger (409)
[2018.11.23-23.45.27:471][158]LogModuleManager: Shutting down and abandoning module AITestSuite (407)
[2018.11.23-23.45.27:471][158]LogModuleManager: Shutting down and abandoning module NavigationSystem (405)
[2018.11.23-23.45.27:471][158]LogModuleManager: Shutting down and abandoning module ProfilerService (402)
[2018.11.23-23.45.27:635][158]LogModuleManager: Shutting down and abandoning module TaskGraph (400)
[2018.11.23-23.45.27:635][158]LogModuleManager: Shutting down and abandoning module SteamVRController (398)
[2018.11.23-23.45.27:635][158]LogModuleManager: Shutting down and abandoning module ProceduralMeshComponentEditor (396)
[2018.11.23-23.45.27:635][158]LogModuleManager: Shutting down and abandoning module ProceduralMeshComponent (394)
[2018.11.23-23.45.27:635][158]LogModuleManager: Shutting down and abandoning module OculusInput (392)
[2018.11.23-23.45.27:635][158]LogModuleManager: Shutting down and abandoning module MobilePatchingUtils (390)
[2018.11.23-23.45.27:635][158]LogModuleManager: Shutting down and abandoning module EditableMesh (388)
[2018.11.23-23.45.27:635][158]LogModuleManager: Shutting down and abandoning module CustomMeshComponent (386)
[2018.11.23-23.45.27:635][158]LogModuleManager: Shutting down and abandoning module CableComponent (384)
[2018.11.23-23.45.27:635][158]LogModuleManager: Shutting down and abandoning module AudioCapture (382)
[2018.11.23-23.45.27:635][158]LogModuleManager: Shutting down and abandoning module ArchVisCharacter (380)
[2018.11.23-23.45.27:635][158]LogModuleManager: Shutting down and abandoning module AndroidPermission (378)
[2018.11.23-23.45.27:635][158]LogModuleManager: Shutting down and abandoning module NUTUnrealEngine4 (376)
[2018.11.23-23.45.27:635][158]LogModuleManager: Shutting down and abandoning module NetcodeUnitTest (374)
[2018.11.23-23.45.27:636][158]LogModuleManager: Shutting down and abandoning module MediaCompositingEditor (372)
[2018.11.23-23.45.27:636][158]LogModuleManager: Shutting down and abandoning module MediaCompositing (370)
[2018.11.23-23.45.27:636][158]LogModuleManager: Shutting down and abandoning module LinearTimecode (368)
[2018.11.23-23.45.27:636][158]LogModuleManager: Shutting down and abandoning module ImgMedia (366)
[2018.11.23-23.45.27:638][158]LogModuleManager: Shutting down and abandoning module HTML5Networking (364)
[2018.11.23-23.45.27:638][158]LogModuleManager: Shutting down and abandoning module GeometryCacheTracks (362)
[2018.11.23-23.45.27:638][158]LogModuleManager: Shutting down and abandoning module GeometryCacheSequencer (360)
[2018.11.23-23.45.27:638][158]LogModuleManager: Shutting down and abandoning module BackChannel (358)
[2018.11.23-23.45.27:638][158]LogModuleManager: Shutting down and abandoning module AppleVision (356)
[2018.11.23-23.45.27:638][158]LogModuleManager: Shutting down and abandoning module AppleImageUtils (354)
[2018.11.23-23.45.27:638][158]LogModuleManager: Shutting down and abandoning module AlembicImporter (352)
[2018.11.23-23.45.27:638][158]LogModuleManager: Shutting down and abandoning module AlembicLibrary (351)
[2018.11.23-23.45.27:638][158]LogModuleManager: Shutting down and abandoning module GeometryCache (350)
[2018.11.23-23.45.27:638][158]LogModuleManager: Shutting down and abandoning module GeometryCacheEd (349)
[2018.11.23-23.45.27:638][158]LogModuleManager: Shutting down and abandoning module DatasmithContentEditor (344)
[2018.11.23-23.45.27:638][158]LogModuleManager: Shutting down and abandoning module DatasmithContent (342)
[2018.11.23-23.45.27:638][158]LogModuleManager: Shutting down and abandoning module SpeedTreeImporter (340)
[2018.11.23-23.45.27:638][158]LogModuleManager: Shutting down and abandoning module PluginBrowser (338)
[2018.11.23-23.45.27:638][158]LogModuleManager: Shutting down and abandoning module MobileLauncherProfileWizard (336)
[2018.11.23-23.45.27:639][158]LogModuleManager: Shutting down and abandoning module PolygonModeling (334)
[2018.11.23-23.45.27:639][158]LogModuleManager: Shutting down and abandoning module MeshEditor (332)
[2018.11.23-23.45.27:639][158]LogModuleManager: Shutting down and abandoning module CryptoKeysOpenSSL (330)
[2018.11.23-23.45.27:639][158]LogModuleManager: Shutting down and abandoning module CryptoKeys (328)
[2018.11.23-23.45.27:639][158]LogModuleManager: Shutting down and abandoning module VisualStudioSourceCodeAccess (326)
[2018.11.23-23.45.27:639][158]LogModuleManager: Shutting down and abandoning module VisualStudioCodeSourceCodeAccess (324)
[2018.11.23-23.45.27:639][158]LogModuleManager: Shutting down and abandoning module UObjectPlugin (322)
[2018.11.23-23.45.27:639][158]LogModuleManager: Shutting down and abandoning module SubversionSourceControl (320)
[2018.11.23-23.45.27:639][158]LogModuleManager: Shutting down and abandoning module PerforceSourceControl (318)
[2018.11.23-23.45.27:639][158]LogModuleManager: Shutting down and abandoning module GitSourceControl (316)
[2018.11.23-23.45.27:639][158]LogModuleManager: Shutting down and abandoning module SourceControl (315)
[2018.11.23-23.45.27:639][158]LogModuleManager: Shutting down and abandoning module CLionSourceCodeAccess (312)
[2018.11.23-23.45.27:639][158]LogModuleManager: Shutting down and abandoning module LightPropagationVolumeEditor (310)
[2018.11.23-23.45.27:639][158]LogModuleManager: Shutting down and abandoning module PaperTiledImporter (308)
[2018.11.23-23.45.27:639][158]LogModuleManager: Shutting down and abandoning module PaperSpriteSheetImporter (306)
[2018.11.23-23.45.27:639][158]LogModuleManager: Shutting down and abandoning module Paper2DEditor (304)
[2018.11.23-23.45.27:639][158]LogModuleManager: Shutting down and abandoning module MeshPaint (303)
[2018.11.23-23.45.27:639][158]LogModuleManager: Shutting down and abandoning module BatteryCollector (300)
[2018.11.23-23.45.27:639][158]LogModuleManager: Shutting down and abandoning module RuntimePhysXCooking (298)
[2018.11.23-23.45.27:639][158]LogModuleManager: Shutting down and abandoning module PhysXVehiclesEditor (296)
[2018.11.23-23.45.27:639][158]LogModuleManager: Shutting down and abandoning module PhysXVehicles (294)
[2018.11.23-23.45.27:639][158]LogModuleManager: Shutting down and abandoning module OculusEditor (292)
[2018.11.23-23.45.27:639][158]LogModuleManager: Shutting down and abandoning module LocationServicesBPLibrary (290)
[2018.11.23-23.45.27:639][158]LogModuleManager: Shutting down and abandoning module ImmediatePhysicsEditor (288)
[2018.11.23-23.45.27:639][158]LogModuleManager: Shutting down and abandoning module ImmediatePhysics (286)
[2018.11.23-23.45.27:639][158]LogModuleManager: Shutting down and abandoning module ActorSequence (284)
[2018.11.23-23.45.27:639][158]LogModuleManager: Shutting down and abandoning module UdpMessaging (282)
[2018.11.23-23.45.27:740][158]LogModuleManager: Shutting down and abandoning module TcpMessaging (280)
[2018.11.23-23.45.27:841][158]LogModuleManager: Shutting down and abandoning module MagicLeapAudio (278)
[2018.11.23-23.45.27:841][158]LogModuleManager: Shutting down and abandoning module GameplayTagsEditor (276)
[2018.11.23-23.45.27:841][158]LogModuleManager: Shutting down and abandoning module FacialAnimationEditor (274)
[2018.11.23-23.45.27:841][158]LogModuleManager: Shutting down and abandoning module FacialAnimation (272)
[2018.11.23-23.45.27:841][158]LogModuleManager: Shutting down and abandoning module DataValidation (270)
[2018.11.23-23.45.27:841][158]LogModuleManager: Shutting down and abandoning module AssetManagerEditor (268)
[2018.11.23-23.45.27:841][158]LogModuleManager: Shutting down and abandoning module LevelEditor (267)
[2018.11.23-23.45.27:841][158]LogModuleManager: Shutting down and abandoning module PixelInspectorModule (266)
[2018.11.23-23.45.27:841][158]LogModuleManager: Shutting down and abandoning module CommonMenuExtensions (264)
[2018.11.23-23.45.27:842][158]LogModuleManager: Shutting down and abandoning module MainFrame (262)
[2018.11.23-23.45.27:843][158]LogModuleManager: Shutting down and abandoning module HotReload (261)
[2018.11.23-23.45.27:843][158]LogModuleManager: Shutting down and abandoning module ContentBrowser (257)
[2018.11.23-23.45.27:844][158]LogModuleManager: Shutting down and abandoning module TreeMap (255)
[2018.11.23-23.45.27:844][158]LogModuleManager: Shutting down and abandoning module LightPropagationVolumeRuntime (252)
[2018.11.23-23.45.27:844][158]LogModuleManager: Shutting down and abandoning module AISupportModule (250)
[2018.11.23-23.45.27:844][158]LogModuleManager: Shutting down and abandoning module Paper2D (248)
[2018.11.23-23.45.27:844][158]LogModuleManager: Shutting down and abandoning module WindowsMoviePlayer (246)
[2018.11.23-23.45.27:844][158]LogModuleManager: Shutting down and abandoning module WmfMedia (244)
[2018.11.23-23.45.27:845][158]LogModuleManager: Shutting down and abandoning module Media (243)
[2018.11.23-23.45.27:851][158]LogModuleManager: Shutting down and abandoning module PacketHandler (240)
[2018.11.23-23.45.27:851][158]LogModuleManager: Shutting down and abandoning module ClothingSystemEditor (238)
[2018.11.23-23.45.27:851][158]LogModuleManager: Shutting down and abandoning module ClothingSystemRuntime (236)
[2018.11.23-23.45.27:851][158]LogModuleManager: Shutting down and abandoning module MediaAssets (234)
[2018.11.23-23.45.27:851][158]LogModuleManager: Shutting down and abandoning module Overlay (232)
[2018.11.23-23.45.27:851][158]LogModuleManager: Shutting down and abandoning module OverlayEditor (231)
[2018.11.23-23.45.27:851][158]LogModuleManager: Shutting down and abandoning module VREditor (228)
[2018.11.23-23.45.27:851][158]LogModuleManager: Shutting down and abandoning module StringTableEditor (226)
[2018.11.23-23.45.27:851][158]LogModuleManager: Shutting down and abandoning module GameplayTasksEditor (224)
[2018.11.23-23.45.27:851][158]LogModuleManager: Shutting down and abandoning module BehaviorTreeEditor (222)
[2018.11.23-23.45.27:851][158]LogModuleManager: Shutting down and abandoning module FunctionalTesting (220)
[2018.11.23-23.45.27:851][158]LogModuleManager: Shutting down and abandoning module CollisionAnalyzer (218)
[2018.11.23-23.45.27:851][158]LogModuleManager: Shutting down and abandoning module WorkspaceMenuStructure (217)
[2018.11.23-23.45.27:851][158]LogModuleManager: Shutting down and abandoning module UMG (214)
[2018.11.23-23.45.27:851][158]LogModuleManager: Shutting down and abandoning module UMGEditor (213)
[2018.11.23-23.45.27:851][158]LogModuleManager: Shutting down and abandoning module Sequencer (212)
[2018.11.23-23.45.27:852][158]LogModuleManager: Shutting down and abandoning module MessageLog (209)
[2018.11.23-23.45.27:852][158]LogModuleManager: Shutting down and abandoning module SlateReflector (204)
[2018.11.23-23.45.27:852][158]LogModuleManager: Shutting down and abandoning module Slate (202)
[2018.11.23-23.45.27:852][158]LogModuleManager: Shutting down and abandoning module EditorStyle (200)
[2018.11.23-23.45.27:853][158]LogModuleManager: Shutting down and abandoning module MRMesh (198)
[2018.11.23-23.45.27:853][158]LogModuleManager: Shutting down and abandoning module SourceCodeAccess (196)
[2018.11.23-23.45.27:853][158]LogModuleManager: Shutting down and abandoning module HeadMountedDisplay (194)
[2018.11.23-23.45.27:853][158]LogModuleManager: Shutting down and abandoning module XAudio2 (192)
[2018.11.23-23.45.27:853][158]LogModuleManager: Shutting down and abandoning module Networking (190)
[2018.11.23-23.45.27:853][158]LogModuleManager: Shutting down and abandoning module Core (188)
[2018.11.23-23.45.27:853][158]LogModuleManager: Shutting down and abandoning module LevelSequence (186)
[2018.11.23-23.45.27:853][158]LogModuleManager: Shutting down and abandoning module KismetCompiler (184)
[2018.11.23-23.45.27:853][158]LogModuleManager: Shutting down and abandoning module MeshUtilities (182)
[2018.11.23-23.45.27:853][158]LogModuleManager: Shutting down and abandoning module MeshMergeUtilities (181)
[2018.11.23-23.45.27:853][158]LogModuleManager: Shutting down and abandoning module MeshReductionInterface (180)
[2018.11.23-23.45.27:853][158]LogModuleManager: Shutting down and abandoning module SimplygonSwarm (179)
[2018.11.23-23.45.27:853][158]LogModuleManager: Shutting down and abandoning module ProxyLODMeshReduction (177)
[2018.11.23-23.45.27:853][158]LogModuleManager: Shutting down and abandoning module SimplygonMeshReduction (175)
[2018.11.23-23.45.27:853][158]LogModuleManager: Shutting down and abandoning module QuadricMeshReduction (173)
[2018.11.23-23.45.27:853][158]LogModuleManager: Shutting down and abandoning module MaterialBaking (169)
[2018.11.23-23.45.27:853][158]LogModuleManager: Shutting down and abandoning module DirectoryWatcher (165)
[2018.11.23-23.45.27:853][158]LogModuleManager: Shutting down and abandoning module DerivedDataCache (162)
[2018.11.23-23.45.27:875][158]LogDerivedDataCache: Shutdown
[2018.11.23-23.45.27:875][158]LogModuleManager: Shutting down and abandoning module XGEController (160)
[2018.11.23-23.45.27:875][158]LogXGEController: Cleaning working directory: C:/Users/maxsa/AppData/Local/Temp/UnrealXGEWorkingDir/
[2018.11.23-23.45.27:875][158]LogModuleManager: Shutting down and abandoning module TargetPlatform (158)
[2018.11.23-23.45.27:875][158]LogModuleManager: Shutting down and abandoning module VulkanShaderFormat (157)
[2018.11.23-23.45.27:875][158]LogModuleManager: Shutting down and abandoning module ShaderFormatVectorVM (155)
[2018.11.23-23.45.27:875][158]LogModuleManager: Shutting down and abandoning module ShaderFormatOpenGL (153)
[2018.11.23-23.45.27:876][158]LogModuleManager: Shutting down and abandoning module ShaderFormatD3D (151)
[2018.11.23-23.45.27:876][158]LogModuleManager: Shutting down and abandoning module MetalShaderFormat (149)
[2018.11.23-23.45.27:876][158]LogModuleManager: Shutting down and abandoning module TextureFormatUncompressed (147)
[2018.11.23-23.45.27:876][158]LogModuleManager: Shutting down and abandoning module TextureFormatPVR (145)
[2018.11.23-23.45.27:876][158]LogModuleManager: Shutting down and abandoning module TextureFormatDXT (143)
[2018.11.23-23.45.27:876][158]LogModuleManager: Shutting down and abandoning module TextureFormatIntelISPCTexComp (141)
[2018.11.23-23.45.27:876][158]LogModuleManager: Shutting down and abandoning module TextureFormatASTC (139)
[2018.11.23-23.45.27:876][158]LogModuleManager: Shutting down and abandoning module ImageWrapper (138)
[2018.11.23-23.45.27:876][158]LogModuleManager: Shutting down and abandoning module TextureFormatAndroid (135)
[2018.11.23-23.45.27:876][158]LogModuleManager: Shutting down and abandoning module AudioFormatOpus (133)
[2018.11.23-23.45.27:876][158]LogModuleManager: Shutting down and abandoning module AudioFormatOgg (131)
[2018.11.23-23.45.27:876][158]LogModuleManager: Shutting down and abandoning module AudioFormatADPCM (129)
[2018.11.23-23.45.27:876][158]LogModuleManager: Shutting down and abandoning module LuminTargetPlatform (127)
[2018.11.23-23.45.27:876][158]LogModuleManager: Shutting down and abandoning module LinuxTargetPlatform (125)
[2018.11.23-23.45.27:876][158]LogModuleManager: Shutting down and abandoning module LinuxServerTargetPlatform (123)
[2018.11.23-23.45.27:876][158]LogModuleManager: Shutting down and abandoning module LinuxNoEditorTargetPlatform (121)
[2018.11.23-23.45.27:876][158]LogModuleManager: Shutting down and abandoning module LinuxClientTargetPlatform (119)
[2018.11.23-23.45.27:876][158]LogModuleManager: Shutting down and abandoning module TVOSTargetPlatform (117)
[2018.11.23-23.45.27:878][158]LogModuleManager: Shutting down and abandoning module Messaging (115)
[2018.11.23-23.45.27:878][158]LogModuleManager: Shutting down and abandoning module IOSTargetPlatform (113)
[2018.11.23-23.45.27:878][158]LogModuleManager: Shutting down and abandoning module HTML5TargetPlatform (111)
[2018.11.23-23.45.27:878][158]LogModuleManager: Shutting down and abandoning module AndroidTargetPlatform (109)
[2018.11.23-23.45.27:885][158]LogModuleManager: Shutting down and abandoning module WindowsTargetPlatform (107)
[2018.11.23-23.45.27:885][158]LogModuleManager: Shutting down and abandoning module WindowsServerTargetPlatform (105)
[2018.11.23-23.45.27:885][158]LogModuleManager: Shutting down and abandoning module WindowsNoEditorTargetPlatform (103)
[2018.11.23-23.45.27:885][158]LogModuleManager: Shutting down and abandoning module WindowsClientTargetPlatform (101)
[2018.11.23-23.45.27:885][158]LogModuleManager: Shutting down and abandoning module MacTargetPlatform (99)
[2018.11.23-23.45.27:885][158]LogModuleManager: Shutting down and abandoning module MacServerTargetPlatform (97)
[2018.11.23-23.45.27:885][158]LogModuleManager: Shutting down and abandoning module MacNoEditorTargetPlatform (95)
[2018.11.23-23.45.27:885][158]LogModuleManager: Shutting down and abandoning module MacClientTargetPlatform (93)
[2018.11.23-23.45.27:885][158]LogModuleManager: Shutting down and abandoning module AllDesktopTargetPlatform (91)
[2018.11.23-23.45.27:885][158]LogModuleManager: Shutting down and abandoning module InputCore (88)
[2018.11.23-23.45.27:885][158]LogModuleManager: Shutting down and abandoning module Settings (86)
[2018.11.23-23.45.27:885][158]LogModuleManager: Shutting down and abandoning module PhysXCooking (84)
[2018.11.23-23.45.27:885][158]LogModuleManager: Shutting down and abandoning module SteamVR (82)
[2018.11.23-23.45.27:885][158]LogModuleManager: Shutting down and abandoning module OculusHMD (80)
[2018.11.23-23.45.27:886][158]LogModuleManager: Shutting down and abandoning module ExampleDeviceProfileSelector (78)
[2018.11.23-23.45.27:886][158]LogModuleManager: Shutting down and abandoning module LauncherChunkInstaller (76)
[2018.11.23-23.45.27:886][158]LogModuleManager: Shutting down and abandoning module OnlineBlueprintSupport (74)
[2018.11.23-23.45.27:886][158]LogModuleManager: Shutting down and abandoning module OnlineSubsystem (70)
[2018.11.23-23.45.27:886][158]LogModuleManager: Shutting down and abandoning module XMPP (65)
[2018.11.23-23.45.27:887][158]LogModuleManager: Shutting down and abandoning module WebSockets (64)
[2018.11.23-23.45.27:896][158]LogModuleManager: Shutting down and abandoning module HTTP (61)
[2018.11.23-23.45.27:896][158]LogHttp: Display: Http module shutting down, but needs to wait on 1 outstanding Http requests:
[2018.11.23-23.45.27:896][158]LogHttp: Display: 	verb=[POST] url=[https://datarouter.ol.epicgames.com/datarouter/api/v1/public/data?SessionID=%7B147054D8-407C-6FD9-12FB-07B29E64B601%7D&AppID=UEEditor.Rocket.Release&AppVersion=4.20.3-4369336%2B%2B%2BUE4%2BRelease-4.20&UserID=9b2d74f540de947067f12f85f0e10fc3%7C121cf0c067fc45bf8a47a34e1f08bd7e%7C6529c761-14eb-4014-bd30-d410aae9a07c&AppEnvironment=datacollector-binary&UploadType=eteventstream] status=Processing
[2018.11.23-23.45.27:919][158]LogModuleManager: Shutting down and abandoning module SSL (60)
[2018.11.23-23.45.27:920][158]LogModuleManager: Shutting down and abandoning module MagicLeapEmulator (56)
[2018.11.23-23.45.27:920][158]LogModuleManager: Shutting down and abandoning module MagicLeapPrivileges (54)
[2018.11.23-23.45.27:920][158]LogModuleManager: Shutting down and abandoning module MagicLeapIdentity (52)
[2018.11.23-23.45.27:920][158]LogModuleManager: Shutting down and abandoning module MagicLeapHelperVulkan (50)
[2018.11.23-23.45.27:920][158]LogModuleManager: Shutting down and abandoning module MagicLeapHelperOpenGL (48)
[2018.11.23-23.45.27:920][158]LogModuleManager: Shutting down and abandoning module MagicLeapSecureStorage (46)
[2018.11.23-23.45.27:920][158]LogModuleManager: Shutting down and abandoning module MagicLeapGestures (44)
[2018.11.23-23.45.27:920][158]LogModuleManager: Shutting down and abandoning module MagicLeapEyeTracker (42)
[2018.11.23-23.45.27:920][158]LogModuleManager: Shutting down and abandoning module MagicLeapController (40)
[2018.11.23-23.45.27:920][158]LogSlate: Slate User Destroyed.  User Index 0, Is Virtual User: 0
[2018.11.23-23.45.27:920][158]LogModuleManager: Shutting down and abandoning module MagicLeap (38)
[2018.11.23-23.45.27:920][158]LogModuleManager: Shutting down and abandoning module AnimationModifiers (36)
[2018.11.23-23.45.27:920][158]LogModuleManager: Shutting down and abandoning module PropertyEditor (35)
[2018.11.23-23.45.27:920][158]LogModuleManager: Shutting down and abandoning module AudioEditor (32)
[2018.11.23-23.45.27:920][158]LogModuleManager: Shutting down and abandoning module TextureCompressor (30)
[2018.11.23-23.45.27:920][158]LogModuleManager: Shutting down and abandoning module ShaderCore (28)
[2018.11.23-23.45.27:920][158]LogModuleManager: Shutting down and abandoning module Landscape (26)
[2018.11.23-23.45.27:920][158]LogModuleManager: Shutting down and abandoning module SlateRHIRenderer (24)
[2018.11.23-23.45.27:920][158]LogModuleManager: Shutting down and abandoning module OpenGLDrv (22)
[2018.11.23-23.45.27:921][158]LogModuleManager: Shutting down and abandoning module D3D11RHI (20)
[2018.11.23-23.45.27:921][158]LogModuleManager: Shutting down and abandoning module AnimGraphRuntime (18)
[2018.11.23-23.45.27:921][158]LogModuleManager: Shutting down and abandoning module Renderer (16)
[2018.11.23-23.45.27:921][158]LogModuleManager: Shutting down and abandoning module Engine (14)
[2018.11.23-23.45.27:921][158]LogModuleManager: Shutting down and abandoning module CoreUObject (12)
[2018.11.23-23.45.27:921][158]LogModuleManager: Shutting down and abandoning module NetworkFile (10)
[2018.11.23-23.45.27:921][158]LogModuleManager: Shutting down and abandoning module CookedIterativeFile (8)
[2018.11.23-23.45.27:921][158]LogModuleManager: Shutting down and abandoning module StreamingFile (6)
[2018.11.23-23.45.27:921][158]LogModuleManager: Shutting down and abandoning module SandboxFile (4)
[2018.11.23-23.45.27:921][158]LogModuleManager: Shutting down and abandoning module PakFile (2)
[2018.11.23-23.45.27:923][158]LogExit: Exiting.
[2018.11.23-23.45.27:943][158]Log file closed, 11/23/18 18:45:27
