Log file open, 11/25/18 21:42:09
LogWindows: Failed to load 'aqProf.dll' (GetLastError=126)
LogWindows: File 'aqProf.dll' does not exist
LogWindows: Failed to load 'VSPerf140.dll' (GetLastError=126)
LogWindows: File 'VSPerf140.dll' does not exist
LogWindows: Failed to load 'VtuneApi.dll' (GetLastError=126)
LogWindows: File 'VtuneApi.dll' does not exist
LogWindows: Failed to load 'VtuneApi32e.dll' (GetLastError=126)
LogWindows: File 'VtuneApi32e.dll' does not exist
LogInit: Display: Running engine for game: BatteryCollector
LogPlatformFile: Not using cached read wrapper
LogTaskGraph: Started task graph with 5 named threads and 14 total threads with 3 sets of task threads.
LogStats: Stats thread started at 4.347064
LogD3D11RHI: Loaded GFSDK_Aftermath_Lib.x64.dll
LogICUInternationalization: Display: ICU TimeZone Detection - Raw Offset: -5:00, Platform Override: ''
LogPluginManager: Mounting plugin Paper2D
LogPluginManager: Mounting plugin AISupport
LogPluginManager: Mounting plugin LightPropagationVolume
LogPluginManager: Mounting plugin CLionSourceCodeAccess
LogPluginManager: Mounting plugin CodeLiteSourceCodeAccess
LogPluginManager: Mounting plugin GitSourceControl
LogPluginManager: Mounting plugin KDevelopSourceCodeAccess
LogPluginManager: Mounting plugin NullSourceCodeAccess
LogPluginManager: Mounting plugin PerforceSourceControl
LogPluginManager: Mounting plugin SubversionSourceControl
LogPluginManager: Mounting plugin UObjectPlugin
LogPluginManager: Mounting plugin VisualStudioCodeSourceCodeAccess
LogPluginManager: Mounting plugin VisualStudioSourceCodeAccess
LogPluginManager: Mounting plugin XCodeSourceCodeAccess
LogPluginManager: Mounting plugin AssetManagerEditor
LogPluginManager: Mounting plugin CryptoKeys
LogPluginManager: Mounting plugin DataValidation
LogPluginManager: Mounting plugin FacialAnimation
LogPluginManager: Mounting plugin GameplayTagsEditor
LogPluginManager: Mounting plugin MacGraphicsSwitching
LogPluginManager: Mounting plugin MeshEditor
LogPluginManager: Mounting plugin MobileLauncherProfileWizard
LogPluginManager: Mounting plugin PluginBrowser
LogPluginManager: Mounting plugin SpeedTreeImporter
LogPluginManager: Mounting plugin DatasmithContent
LogPluginManager: Mounting plugin AlembicImporter
LogPluginManager: Mounting plugin AppleImageUtils
LogPluginManager: Mounting plugin AppleVision
LogPluginManager: Mounting plugin BackChannel
LogPluginManager: Mounting plugin CharacterAI
LogPluginManager: Mounting plugin GeometryCache
LogPluginManager: Mounting plugin HTML5Networking
LogPluginManager: Mounting plugin ProxyLODPlugin
LogPluginManager: Mounting plugin MagicLeap
LogPluginManager: Mounting plugin MagicLeapEmulator
LogPluginManager: Mounting plugin MagicLeapMedia
LogPluginManager: Mounting plugin AndroidMedia
LogPluginManager: Mounting plugin AvfMedia
LogPluginManager: Mounting plugin ImgMedia
LogPluginManager: Mounting plugin LinearTimecode
LogPluginManager: Mounting plugin MediaCompositing
LogPluginManager: Mounting plugin MediaPlayerEditor
LogPluginManager: Mounting plugin WmfMedia
LogPluginManager: Mounting plugin TcpMessaging
LogPluginManager: Mounting plugin UdpMessaging
LogPluginManager: Mounting plugin ActorSequence
LogPluginManager: Mounting plugin LevelSequenceEditor
LogPluginManager: Mounting plugin MatineeToLevelSequence
LogPluginManager: Mounting plugin NetcodeUnitTest
LogPluginManager: Mounting plugin NUTUnrealEngine4
LogPluginManager: Mounting plugin OnlineSubsystemGooglePlay
LogPluginManager: Mounting plugin OnlineSubsystemIOS
LogPluginManager: Mounting plugin OnlineSubsystem
LogPluginManager: Mounting plugin OnlineSubsystemNull
LogPluginManager: Mounting plugin OnlineSubsystemUtils
LogPluginManager: Mounting plugin LauncherChunkInstaller
LogPluginManager: Mounting plugin AndroidDeviceProfileSelector
LogPluginManager: Mounting plugin AndroidMoviePlayer
LogPluginManager: Mounting plugin AndroidPermission
LogPluginManager: Mounting plugin AppleMoviePlayer
LogPluginManager: Mounting plugin ArchVisCharacter
LogPluginManager: Mounting plugin AudioCapture
LogPluginManager: Mounting plugin CableComponent
LogPluginManager: Mounting plugin CustomMeshComponent
LogPluginManager: Mounting plugin EditableMesh
LogPluginManager: Mounting plugin ExampleDeviceProfileSelector
LogPluginManager: Mounting plugin GoogleCloudMessaging
LogPluginManager: Mounting plugin ImmediatePhysics
LogPluginManager: Mounting plugin IOSDeviceProfileSelector
LogPluginManager: Mounting plugin LinuxDeviceProfileSelector
LogPluginManager: Mounting plugin LocationServicesBPLibrary
LogPluginManager: Mounting plugin MobilePatchingUtils
LogPluginManager: Mounting plugin OculusVR
LogPluginManager: Plugin shader directory ../../../Engine/Plugins/Runtime/Oculus/OculusVR/Shaders found
LogPluginManager: Mapping shader source directory ../../../Engine/Plugins/Runtime/Oculus/OculusVR/Shaders to virtual directory /Plugin/OculusVR
LogPluginManager: Mounting plugin PhysXVehicles
LogPluginManager: Mounting plugin ProceduralMeshComponent
LogPluginManager: Mounting plugin RuntimePhysXCooking
LogPluginManager: Mounting plugin SteamVR
LogPluginManager: Mounting plugin WindowsMoviePlayer
LogStreaming: Display: Took  0.210s to configure plugins.
LogInit: Using libcurl 7.55.1-DEV
LogInit:  - built for x86_64-pc-win32
LogInit:  - supports SSL with OpenSSL/1.0.2h
LogInit:  - supports HTTP deflate (compression) using libz 1.2.8
LogInit:  - other features:
LogInit:      CURL_VERSION_SSL
LogInit:      CURL_VERSION_LIBZ
LogInit:      CURL_VERSION_IPV6
LogInit:      CURL_VERSION_ASYNCHDNS
LogInit:      CURL_VERSION_LARGEFILE
LogInit:      CURL_VERSION_IDN
LogInit:  CurlRequestOptions (configurable via config and command line):
LogInit:  - bVerifyPeer = false  - Libcurl will NOT verify peer certificate
LogInit:  - bUseHttpProxy = false  - Libcurl will NOT use HTTP proxy
LogInit:  - bDontReuseConnections = false  - Libcurl will reuse connections
LogInit:  - CertBundlePath = nullptr  - Libcurl will use whatever was configured at build time.
LogInit:  - MaxHostConnections = 16  - Libcurl will limit the number of connections to a host
LogInit:  - LocalHostAddr = Default
LogInit:  - BufferSize = 65536
LogInit: WinSock: version 1.1 (2.2), MaxSocks=32767, MaxUdp=65467
LogInit: Build: ++UE4+Release-4.20-CL-4369336
LogInit: Engine Version: 4.20.3-4369336+++UE4+Release-4.20
LogInit: Compatible Engine Version: 4.20.0-4212847+++UE4+Release-4.20
LogInit: Net CL: 4212847
LogInit: OS: Windows 10 (), CPU:        Intel(R) Core(TM) i5-3570K CPU @ 3.40GHz, GPU: NVIDIA GeForce GTX 1070
LogInit: Compiled (64-bit): Sep 17 2018 12:26:19
LogInit: Compiled with Visual C++: 19.13.26129.00
LogInit: Build Configuration: Development
LogInit: Branch Name: ++UE4+Release-4.20
LogInit: Command Line:  
LogInit: Base Directory: E:/UE_4.20/Engine/Binaries/Win64/
LogInit: Installed Engine Build: 1
LogDevObjectVersion: Number of dev versions registered: 20
LogDevObjectVersion:   Dev-Blueprints (B0D832E4-1F89-4F0D-ACCF-7EB736FD4AA2): 10
LogDevObjectVersion:   Dev-Build (E1C64328-A22C-4D53-A36C-8E866417BD8C): 0
LogDevObjectVersion:   Dev-Core (375EC13C-06E4-48FB-B500-84F0262A717E): 2
LogDevObjectVersion:   Dev-Editor (E4B068ED-F494-42E9-A231-DA0B2E46BB41): 24
LogDevObjectVersion:   Dev-Framework (CFFC743F-43B0-4480-9391-14DF171D2073): 34
LogDevObjectVersion:   Dev-Mobile (B02B49B5-BB20-44E9-A304-32B752E40360): 2
LogDevObjectVersion:   Dev-Networking (A4E4105C-59A1-49B5-A7C5-40C4547EDFEE): 0
LogDevObjectVersion:   Dev-Online (39C831C9-5AE6-47DC-9A44-9C173E1C8E7C): 0
LogDevObjectVersion:   Dev-Physics (78F01B33-EBEA-4F98-B9B4-84EACCB95AA2): 0
LogDevObjectVersion:   Dev-Platform (6631380F-2D4D-43E0-8009-CF276956A95A): 0
LogDevObjectVersion:   Dev-Rendering (12F88B9F-8875-4AFC-A67C-D90C383ABD29): 26
LogDevObjectVersion:   Dev-Sequencer (7B5AE74C-D270-4C10-A958-57980B212A5A): 9
LogDevObjectVersion:   Dev-VR (D7296918-1DD6-4BDD-9DE2-64A83CC13884): 2
LogDevObjectVersion:   Dev-LoadTimes (C2A15278-BFE7-4AFE-6C17-90FF531DF755): 1
LogDevObjectVersion:   Private-Geometry (6EACA3D4-40EC-4CC1-B786-8BED09428FC5): 3
LogDevObjectVersion:   Dev-AnimPhys (29E575DD-E0A3-4627-9D10-D276232CDCEA): 17
LogDevObjectVersion:   Dev-ReflectionCapture (6B266CEC-1EC7-4B8F-A30B-E4D90942FC07): 1
LogDevObjectVersion:   Dev-Automation (0DF73D61-A23F-47EA-B727-89E90C41499A): 1
LogDevObjectVersion:   FortniteMain (601D1886-AC64-4F84-AA16-D3DE0DEAC7D6): 12
LogDevObjectVersion:   Dev-Enterprise (9DFFBCD6-494F-0158-E221-12823C92A888): 1
LogStreaming: Display: Took  0.001s to delete old logs.
LogInit: Presizing for max 8388607 objects, including 0 objects not considered by GC, pre-allocating 0 bytes for permanent pool.
LogInit: Object subsystem initialized
[2018.11.26-02.42.12:505][  0]LogInit: Selected Device Profile: [Windows]
[2018.11.26-02.42.12:505][  0]LogInit: Applying CVar settings loaded from the selected device profile: [Windows]
[2018.11.26-02.42.12:548][  0]LogHAL: Display: Platform has ~ 16 GB [16855703552 / 17179869184 / 16], which maps to Larger [LargestMinGB=32, LargerMinGB=12, DefaultMinGB=8, SmallerMinGB=6, SmallestMinGB=0)
[2018.11.26-02.42.12:548][  0]LogInit: Setting Device Profile CVar: [[r.Vulkan.UseRealUBs:1]]
[2018.11.26-02.42.12:548][  0]LogInit: Going up to parent DeviceProfile []
[2018.11.26-02.42.12:627][  0]LogInit: Computer: MAX-PC
[2018.11.26-02.42.12:627][  0]LogInit: User: maxsa
[2018.11.26-02.42.12:627][  0]LogInit: CPU Page size=4096, Cores=4
[2018.11.26-02.42.12:627][  0]LogInit: High frequency timer resolution =3.420552 MHz
[2018.11.26-02.42.12:627][  0]LogMemory: Memory total: Physical=15.7GB (16GB approx)
[2018.11.26-02.42.12:627][  0]LogMemory: Platform Memory Stats for Windows
[2018.11.26-02.42.12:627][  0]LogMemory: Process Physical Memory: 99.82 MB used, 99.82 MB peak
[2018.11.26-02.42.12:627][  0]LogMemory: Process Virtual Memory: 84.14 MB used, 84.14 MB peak
[2018.11.26-02.42.12:627][  0]LogMemory: Physical Memory: 6954.05 MB used,  9120.80 MB free, 16074.85 MB total
[2018.11.26-02.42.12:627][  0]LogMemory: Virtual Memory: 4620.27 MB used,  9120.80 MB free, 134217728.00 MB total
[2018.11.26-02.42.14:423][  0]LogInit: Using OS detected language (en-US).
[2018.11.26-02.42.14:423][  0]LogInit: Using OS detected locale (en-CA).
[2018.11.26-02.42.14:471][  0]LogTextLocalizationManager: No specific localization for 'en-US' exists, so the 'en' localization will be used.
[2018.11.26-02.42.15:377][  0]LogStreaming: Display: Took  0.955s to InitEngineTextLocalization.
[2018.11.26-02.42.15:377][  0]LogInit: Setting process to per monitor DPI aware
[2018.11.26-02.42.15:828][  0]LogSlate: New Slate User Created.  User Index 0, Is Virtual User: 0
[2018.11.26-02.42.15:828][  0]LogSlate: Slate User Registered.  User Index 0, Is Virtual User: 0
[2018.11.26-02.42.19:672][  0]LogHMD: Failed to initialize OpenVR with code 105
[2018.11.26-02.42.19:672][  0]LogD3D11RHI: D3D11 adapters:
[2018.11.26-02.42.19:766][  0]LogD3D11RHI:    0. 'NVIDIA GeForce GTX 1070' (Feature Level 11_0)
[2018.11.26-02.42.19:766][  0]LogD3D11RHI:       8088/0/8037 MB DedicatedVideo/DedicatedSystem/SharedSystem, Outputs:2, VendorId:0x10de
[2018.11.26-02.42.19:780][  0]LogD3D11RHI:    1. 'Intel(R) HD Graphics 4000' (Feature Level 11_0)
[2018.11.26-02.42.19:780][  0]LogD3D11RHI:       224/0/1568 MB DedicatedVideo/DedicatedSystem/SharedSystem, Outputs:0, VendorId:0x8086
[2018.11.26-02.42.19:782][  0]LogD3D11RHI:    2. 'Microsoft Basic Render Driver' (Feature Level 11_0)
[2018.11.26-02.42.19:782][  0]LogD3D11RHI:       0/0/8037 MB DedicatedVideo/DedicatedSystem/SharedSystem, Outputs:0, VendorId:0x1414
[2018.11.26-02.42.19:782][  0]LogD3D11RHI: Chosen D3D11 Adapter: 0
[2018.11.26-02.42.19:789][  0]LogD3D11RHI: Creating new Direct3DDevice
[2018.11.26-02.42.19:789][  0]LogD3D11RHI:     GPU DeviceId: 0x1b81 (for the marketing name, search the web for "GPU Device Id")
[2018.11.26-02.42.19:789][  0]LogWindows: EnumDisplayDevices:
[2018.11.26-02.42.19:789][  0]LogWindows:    0. 'NVIDIA GeForce GTX 1070' (P:1 D:1)
[2018.11.26-02.42.19:789][  0]LogWindows:    1. 'NVIDIA GeForce GTX 1070' (P:0 D:1)
[2018.11.26-02.42.19:789][  0]LogWindows:    2. 'NVIDIA GeForce GTX 1070' (P:0 D:0)
[2018.11.26-02.42.19:789][  0]LogWindows:    3. 'NVIDIA GeForce GTX 1070' (P:0 D:0)
[2018.11.26-02.42.19:790][  0]LogWindows:    4. 'Intel(R) HD Graphics 4000' (P:0 D:0)
[2018.11.26-02.42.19:790][  0]LogWindows:    5. 'Intel(R) HD Graphics 4000' (P:0 D:0)
[2018.11.26-02.42.19:790][  0]LogWindows:    6. 'Intel(R) HD Graphics 4000' (P:0 D:0)
[2018.11.26-02.42.19:790][  0]LogWindows: DebugString: PrimaryIsNotTheChoosenAdapter PrimaryIsNotTheChoosenAdapter PrimaryIsNotTheChoosenAdapter FoundDriverCount:4 
[2018.11.26-02.42.19:790][  0]LogD3D11RHI:     Adapter Name: NVIDIA GeForce GTX 1070
[2018.11.26-02.42.19:790][  0]LogD3D11RHI:   Driver Version: 416.94 (internal:25.21.14.1694, unified:416.94)
[2018.11.26-02.42.19:790][  0]LogD3D11RHI:      Driver Date: 11-12-2018
[2018.11.26-02.42.19:790][  0]LogRHI: Texture pool is 5661 MB (70% of 8088 MB)
[2018.11.26-02.42.19:838][  0]LogD3D11RHI: Async texture creation enabled
[2018.11.26-02.42.19:920][  0]LogD3D11RHI: GPU Timing Frequency: 1000.000000 (Debug: 2 2)
[2018.11.26-02.42.19:965][  0]LogShaderCompilers: Guid format shader working directory is -10 characters bigger than the processId version (C:/Users/maxsa/Desktop/Unreal Projects/BatteryCollector/Intermediate/Shaders/WorkingDirectory/11916/).
[2018.11.26-02.42.19:965][  0]LogShaderCompilers: Cleaned the shader compiler working directory 'C:/Users/maxsa/AppData/Local/Temp/UnrealShaderWorkingDir/1126BA6F48D11C59780018A41E239EF9/'.
[2018.11.26-02.42.20:900][  0]LogTemp: Display: Loaded TP AllDesktopTargetPlatform
[2018.11.26-02.42.20:931][  0]LogTemp: Display: Loaded TP MacClientTargetPlatform
[2018.11.26-02.42.20:965][  0]LogTemp: Display: Loaded TP MacNoEditorTargetPlatform
[2018.11.26-02.42.20:991][  0]LogTemp: Display: Loaded TP MacServerTargetPlatform
[2018.11.26-02.42.21:053][  0]LogTemp: Display: Loaded TP MacTargetPlatform
[2018.11.26-02.42.21:090][  0]LogTemp: Display: Loaded TP WindowsClientTargetPlatform
[2018.11.26-02.42.21:123][  0]LogTemp: Display: Loaded TP WindowsNoEditorTargetPlatform
[2018.11.26-02.42.21:154][  0]LogTemp: Display: Loaded TP WindowsServerTargetPlatform
[2018.11.26-02.42.21:178][  0]LogTemp: Display: Loaded TP WindowsTargetPlatform
[2018.11.26-02.42.21:334][  0]LogTemp: Display: Loaded TP AndroidTargetPlatform
[2018.11.26-02.42.21:334][  0]LogTemp: Display: Loaded TP AndroidTargetPlatform
[2018.11.26-02.42.21:334][  0]LogTemp: Display: Loaded TP AndroidTargetPlatform
[2018.11.26-02.42.21:334][  0]LogTemp: Display: Loaded TP AndroidTargetPlatform
[2018.11.26-02.42.21:334][  0]LogTemp: Display: Loaded TP AndroidTargetPlatform
[2018.11.26-02.42.21:334][  0]LogTemp: Display: Loaded TP AndroidTargetPlatform
[2018.11.26-02.42.21:334][  0]LogTemp: Display: Loaded TP AndroidTargetPlatform
[2018.11.26-02.42.21:334][  0]LogTemp: Display: Loaded TP AndroidTargetPlatform
[2018.11.26-02.42.21:334][  0]LogTemp: Display: Loaded TP AndroidTargetPlatform
[2018.11.26-02.42.21:334][  0]LogTemp: Display: Loaded TP AndroidTargetPlatform
[2018.11.26-02.42.21:334][  0]LogTemp: Display: Loaded TP AndroidTargetPlatform
[2018.11.26-02.42.21:334][  0]LogTemp: Display: Loaded TP AndroidTargetPlatform
[2018.11.26-02.42.21:334][  0]LogTemp: Display: Loaded TP AndroidTargetPlatform
[2018.11.26-02.42.21:334][  0]LogTemp: Display: Loaded TP AndroidTargetPlatform
[2018.11.26-02.42.21:334][  0]LogTemp: Display: Loaded TP AndroidTargetPlatform
[2018.11.26-02.42.21:334][  0]LogTemp: Display: Loaded TP AndroidTargetPlatform
[2018.11.26-02.42.21:334][  0]LogTemp: Display: Loaded TP AndroidTargetPlatform
[2018.11.26-02.42.21:334][  0]LogTemp: Display: Loaded TP AndroidTargetPlatform
[2018.11.26-02.42.21:369][  0]LogTemp: Display: Loaded TP HTML5TargetPlatform
[2018.11.26-02.42.21:562][  0]LogTemp: Display: Loaded TP IOSTargetPlatform
[2018.11.26-02.42.21:562][  0]LogTemp: Display: Loaded TP IOSTargetPlatform
[2018.11.26-02.42.21:612][  0]LogTemp: Display: Loaded TP TVOSTargetPlatform
[2018.11.26-02.42.21:612][  0]LogTemp: Display: Loaded TP TVOSTargetPlatform
[2018.11.26-02.42.21:648][  0]LogTemp: Display: Loaded TP LinuxClientTargetPlatform
[2018.11.26-02.42.21:673][  0]LogTemp: Display: Loaded TP LinuxNoEditorTargetPlatform
[2018.11.26-02.42.21:711][  0]LogTemp: Display: Loaded TP LinuxServerTargetPlatform
[2018.11.26-02.42.21:765][  0]LogTemp: Display: Loaded TP LinuxTargetPlatform
[2018.11.26-02.42.21:794][  0]LogTemp: Display: Loaded TP LuminTargetPlatform
[2018.11.26-02.42.21:794][  0]LogTargetPlatformManager: Display: Building Assets For Windows
[2018.11.26-02.42.23:339][  0]LogXGEController: Cleaning working directory: C:/Users/maxsa/AppData/Local/Temp/UnrealXGEWorkingDir/
[2018.11.26-02.42.23:339][  0]LogXGEController: Cannot use XGE Controller as Incredibuild is not installed on this machine.
[2018.11.26-02.42.23:339][  0]LogShaderCompilers: Cannot use XGE Shader Compiler as Incredibuild is not installed on this machine.
[2018.11.26-02.42.23:339][  0]LogShaderCompilers: Display: Using Local Shader Compiler.
[2018.11.26-02.42.27:724][  0]LogDerivedDataCache: Display: Max Cache Size: 512 MB
[2018.11.26-02.42.28:027][  0]LogDerivedDataCache: Loaded boot cache 0.30s 84MB C:/Users/maxsa/AppData/Local/UnrealEngine/4.20/DerivedDataCache/Boot.ddc.
[2018.11.26-02.42.28:027][  0]LogDerivedDataCache: Display: Loaded Boot cache: C:/Users/maxsa/AppData/Local/UnrealEngine/4.20/DerivedDataCache/Boot.ddc
[2018.11.26-02.42.28:027][  0]LogDerivedDataCache: FDerivedDataBackendGraph:  Pak pak cache file C:/Users/maxsa/Desktop/Unreal Projects/BatteryCollector/DerivedDataCache/DDC.ddp not found, will not use a pak cache.
[2018.11.26-02.42.28:027][  0]LogDerivedDataCache: Unable to find inner node Pak for hierarchical cache Hierarchy.
[2018.11.26-02.42.28:027][  0]LogDerivedDataCache: FDerivedDataBackendGraph:  CompressedPak pak cache file C:/Users/maxsa/Desktop/Unreal Projects/BatteryCollector/DerivedDataCache/Compressed.ddp not found, will not use a pak cache.
[2018.11.26-02.42.28:027][  0]LogDerivedDataCache: Unable to find inner node CompressedPak for hierarchical cache Hierarchy.
[2018.11.26-02.42.28:094][  0]LogDerivedDataCache: Display: Pak cache opened for reading ../../../Engine/DerivedDataCache/Compressed.ddp.
[2018.11.26-02.42.28:107][  0]LogDerivedDataCache: Using Local data cache path C:/Users/maxsa/AppData/Local/UnrealEngine/Common/DerivedDataCache: Writable
[2018.11.26-02.42.28:107][  0]LogDerivedDataCache: Shared data cache path not found in *engine.ini, will not use an Shared cache.
[2018.11.26-02.42.28:107][  0]LogDerivedDataCache: Unable to find inner node Shared for hierarchical cache Hierarchy.
[2018.11.26-02.42.28:126][  0]LogMaterial: Verifying Global Shaders for PCD3D_SM5
[2018.11.26-02.42.28:127][  0]LogSlate: Using FreeType 2.6.0
[2018.11.26-02.42.28:202][  0]LogSlate: SlateFontServices - WITH_FREETYPE: 1, WITH_HARFBUZZ: 1
[2018.11.26-02.42.28:801][  0]LogAssetRegistry: FAssetRegistry took 0.0262 seconds to start up
[2018.11.26-02.42.29:259][  0]LogInit: Selected Device Profile: [Windows]
[2018.11.26-02.42.31:819][  0]LogSimplygon: Simplygon DLL not present - disabling.
[2018.11.26-02.42.32:779][  0]LogMeshReduction: Using SimplygonSwarm for distributed automatic mesh merging
[2018.11.26-02.42.32:824][  0]LogMeshReduction: Using ProxyLODMeshReduction for automatic mesh merging
[2018.11.26-02.42.32:824][  0]LogMeshReduction: Using QuadricMeshReduction for automatic static mesh reduction
[2018.11.26-02.42.32:824][  0]LogMeshReduction: No automatic skeletal mesh reduction module available
[2018.11.26-02.42.33:322][  0]LogNetVersion: BatteryCollector 1.0.0, NetCL: 4212847, EngineNetVer: 5, GameNetVer: 0 (Checksum: 1197952700)
[2018.11.26-02.42.38:452][  0]LogPackageLocalizationCache: Processed 11 localized package path(s) for 2 prioritized culture(s) in 0.135780 seconds
[2018.11.26-02.42.38:459][  0]LogUObjectArray: 38425 objects as part of root set at end of initial load.
[2018.11.26-02.42.38:459][  0]LogUObjectAllocator: 6690872 out of 0 bytes used by permanent object pool.
[2018.11.26-02.42.38:459][  0]LogUObjectArray: CloseDisregardForGC: 0/0 objects in disregard for GC pool
[2018.11.26-02.42.51:311][  0]LogTcpMessaging: Initializing TcpMessaging bridge
[2018.11.26-02.42.51:407][  0]LogUdpMessaging: Initializing bridge on interface 0.0.0.0:0 to multicast group 230.0.0.1:6666.
[2018.11.26-02.42.53:423][  0]SourceControl: Source control is disabled
[2018.11.26-02.42.53:423][  0]SourceControl: Source control is disabled
[2018.11.26-02.42.53:541][  0]SourceControl: Source control is disabled
[2018.11.26-02.42.53:778][  0]SourceControl: Source control is disabled
[2018.11.26-02.42.56:713][  0]LogAndroidPermission: UAndroidPermissionCallbackProxy::GetInstance
[2018.11.26-02.42.57:300][  0]LogOcInput: OculusInput pre-init called
[2018.11.26-02.42.57:939][  0]LogEngine: Initializing Engine...
[2018.11.26-02.42.57:942][  0]LogHMD: Failed to initialize OpenVR with code 105
[2018.11.26-02.42.57:944][  0]LogStats: UGameplayTagsManager::ConstructGameplayTagTree: ImportINI prefixes -  0.000 s
[2018.11.26-02.42.57:944][  0]LogStats: UGameplayTagsManager::ConstructGameplayTagTree: Construct from data asset -  0.000 s
[2018.11.26-02.42.57:944][  0]LogStats: UGameplayTagsManager::ConstructGameplayTagTree: ImportINI -  0.000 s
[2018.11.26-02.42.57:944][  0]LogStats: UGameplayTagsManager::ConstructGameplayTagTree: GameplayTagTreeChangedEvent.Broadcast -  0.000 s
[2018.11.26-02.42.58:941][  0]LogInit: Initializing FReadOnlyCVARCache
[2018.11.26-02.42.59:150][  0]LogAIModule: Creating AISystem for world Untitled
[2018.11.26-02.42.59:172][  0]LogInit: XAudio2 using 'Headphones (Realtek High Definition Audio)' : 2 channels at 48 kHz using 32 bits per sample (channel mask 0x3)
[2018.11.26-02.42.59:190][  0]LogInit: FAudioDevice initialized.
[2018.11.26-02.42.59:190][  0]LogNetVersion: Set ProjectVersion to 1.0.0.0. Version Checksum will be recalculated on next use.
[2018.11.26-02.42.59:244][  0]LogDerivedDataCache: Saved boot cache 0.05s 84MB C:/Users/maxsa/AppData/Local/UnrealEngine/4.20/DerivedDataCache/Boot.ddc.
[2018.11.26-02.42.59:256][  0]LogInit: Texture streaming: Enabled
[2018.11.26-02.42.59:355][  0]LogEngineSessionManager: EngineSessionManager initialized
[2018.11.26-02.42.59:386][  0]LogInit: Transaction tracking system initialized
[2018.11.26-02.42.59:610][  0]BlueprintLog: New page: Editor Load
[2018.11.26-02.43.02:376][  0]LocalizationService: Localization service is disabled
[2018.11.26-02.43.03:785][  0]LogLinker: Warning: Can't find file '/Game/FirstPersonBP/FirstPersonOverview'
[2018.11.26-02.43.03:785][  0]LogLinker: Warning: Can't find file '/Game/FirstPersonBP/FirstPersonOverview'
[2018.11.26-02.43.03:785][  0]LogUObjectGlobals: Warning: Failed to find object 'Class /Game/FirstPersonBP/FirstPersonOverview.FirstPersonOverview_C'
[2018.11.26-02.43.08:379][  0]LogCook: Display: Max memory allowance for cook 16384mb min free memory 0mb
[2018.11.26-02.43.08:379][  0]LogCook: Display: Mobile HDR setting 1
[2018.11.26-02.43.08:379][  0]LogGameplayTags: Display: UGameplayTagsManager::DoneAddingNativeTags. DelegateIsBound: 0
[2018.11.26-02.43.08:379][  0]LogStats: UGameplayTagsManager::ConstructGameplayTagTree: ImportINI prefixes -  0.000 s
[2018.11.26-02.43.08:379][  0]LogStats: UGameplayTagsManager::ConstructGameplayTagTree: Construct from data asset -  0.000 s
[2018.11.26-02.43.08:379][  0]LogStats: UGameplayTagsManager::ConstructGameplayTagTree: ImportINI -  0.000 s
[2018.11.26-02.43.08:379][  0]LogStats: UGameplayTagsManager::ConstructGameplayTagTree: GameplayTagTreeChangedEvent.Broadcast -  0.000 s
[2018.11.26-02.43.09:817][  0]LogFileCache: Scanning file cache for directory 'C:/Users/maxsa/Desktop/Unreal Projects/BatteryCollector/Content/' took 0.02s
[2018.11.26-02.43.14:083][  0]SourceControl: Source control is disabled
[2018.11.26-02.43.14:084][  0]Cmd: MAP LOAD FILE="C:/Users/maxsa/Desktop/Unreal Projects/BatteryCollector/Content/Maps/CollectionLevel.umap" TEMPLATE=0 SHOWPROGRESS=1 FEATURELEVEL=3
[2018.11.26-02.43.14:090][  0]LightingResults: New page: Lighting Build
[2018.11.26-02.43.14:092][  0]MapCheck: New page: Map Check
[2018.11.26-02.43.14:093][  0]LightingResults: New page: Lighting Build
[2018.11.26-02.43.16:356][  0]LogAIModule: Creating AISystem for world CollectionLevel
[2018.11.26-02.43.16:634][  0]LogEditorServer: Finished looking for orphan Actors (0.000 secs)
[2018.11.26-02.43.16:656][  0]Cmd: MAP CHECKDEP NOCLEARLOG
[2018.11.26-02.43.16:710][  0]MapCheck: Map check complete: 0 Error(s), 0 Warning(s), took 53.662ms to complete.
[2018.11.26-02.43.16:710][  0]LogFileHelpers: Loading map 'CollectionLevel' took 2.627
[2018.11.26-02.43.17:058][  0]LogSlate: Updating window title bar state: overlay mode, drag disabled, window buttons hidden, title bar hidden
[2018.11.26-02.43.17:066][  0]LogSlate: Updating window title bar state: overlay mode, drag disabled, window buttons hidden, title bar hidden
[2018.11.26-02.43.17:074][  0]LogSlate: Updating window title bar state: overlay mode, drag disabled, window buttons hidden, title bar hidden
[2018.11.26-02.43.17:083][  0]LogSlate: Updating window title bar state: overlay mode, drag disabled, window buttons hidden, title bar hidden
[2018.11.26-02.43.17:128][  0]LogCollectionManager: Loaded 0 collections in 0.001539 seconds
[2018.11.26-02.43.17:175][  0]LogFileCache: Scanning file cache for directory 'C:/Users/maxsa/Desktop/Unreal Projects/BatteryCollector/Saved/Collections/' took 0.01s
[2018.11.26-02.43.17:175][  0]LogFileCache: Scanning file cache for directory 'C:/Users/maxsa/Desktop/Unreal Projects/BatteryCollector/Content/Developers/maxsa/Collections/' took 0.01s
[2018.11.26-02.43.17:175][  0]LogFileCache: Scanning file cache for directory 'C:/Users/maxsa/Desktop/Unreal Projects/BatteryCollector/Content/Collections/' took 0.01s
[2018.11.26-02.43.17:175][  0]LogCollectionManager: Rebuilt the GUID cache for 0 collections in 0.000000 seconds
[2018.11.26-02.43.17:185][  0]LogContentBrowser: Native class hierarchy populated in 0.0097 seconds. Added 2574 classes and 605 folders.
[2018.11.26-02.43.17:191][  0]LogContentBrowser: Native class hierarchy updated for 'WidgetCarousel' in 0.0003 seconds. Added 0 classes and 0 folders.
[2018.11.26-02.43.18:389][  0]LogContentBrowser: Native class hierarchy updated for 'AddContentDialog' in 0.0003 seconds. Added 0 classes and 0 folders.
[2018.11.26-02.43.18:449][  0]LogContentBrowser: Native class hierarchy updated for 'SceneOutliner' in 0.0004 seconds. Added 1 classes and 2 folders.
[2018.11.26-02.43.18:501][  0]LogSlate: Took 0.020082 seconds to synchronously load lazily loaded font '../../../Engine/Content/Slate/Fonts/Roboto-Regular.ttf' (155K)
[2018.11.26-02.43.18:536][  0]LogSlate: Took 0.033139 seconds to synchronously load lazily loaded font '../../../Engine/Content/Slate/Fonts/Roboto-Bold.ttf' (160K)
[2018.11.26-02.43.18:562][  0]LogSlate: Took 0.020634 seconds to synchronously load lazily loaded font '../../../Engine/Content/Editor/Slate/Fonts/FontAwesome.ttf' (139K)
[2018.11.26-02.43.18:913][  0]LogRenderer: Reallocating scene render targets to support 1208x576 Format 10 NumSamples 1 (Frame:1).
[2018.11.26-02.43.19:116][  0]LogContentBrowser: Native class hierarchy updated for 'HierarchicalLODOutliner' in 0.0004 seconds. Added 0 classes and 0 folders.
[2018.11.26-02.43.19:116][  0]LogLoad: (Engine Initialization) Total time: 105.54 seconds
[2018.11.26-02.43.19:116][  0]LogLoad: (Engine Initialization) Total Blueprint compile time: 0.00 seconds
[2018.11.26-02.43.19:152][  0]LogContentStreaming: Texture pool size now 1000 MB
[2018.11.26-02.43.19:223][  0]LogSlate: Took 0.018288 seconds to synchronously load lazily loaded font '../../../Engine/Content/Slate/Fonts/Roboto-Light.ttf' (167K)
[2018.11.26-02.43.19:243][  1]LogAssetRegistry: Asset discovery search completed in 50.4644 seconds
[2018.11.26-02.43.19:245][  1]LogCollectionManager: Rebuilt the object cache for 0 collections in 0.000000 seconds (found 0 objects)
[2018.11.26-02.43.19:245][  1]LogCollectionManager: Fixed up redirectors for 0 collections in 0.000061 seconds (updated 0 objects)
[2018.11.26-02.44.36:025][794]LogSlate: FSceneViewport::OnFocusLost() reason 0
[2018.11.26-02.44.37:342][893]LogEditorActor: Deleted Actor: StaticMeshActor
[2018.11.26-02.44.37:361][893]LogEditorActor: Deleted 1 Actors (0.029 secs)
[2018.11.26-02.45.52:866][271]LogTexture: Display: Building textures: T_UnrealEngineDecal (DXT1, 2048X2048)
[2018.11.26-02.45.52:866][271]LogTexture: Display: Building textures: T_Pattern_M (AutoDXT, 2048X2048)
[2018.11.26-02.45.52:866][271]LogStaticMesh: Building static mesh SM_DemoRoomU_Hole...
[2018.11.26-02.45.52:922][271]LogSlate: Took 0.000241 seconds to synchronously load lazily loaded font '../../../Engine/Content/Slate/Fonts/Roboto-Light.ttf' (167K)
[2018.11.26-02.45.52:979][271]LogTexture: Display: Building textures: T_RoomTiles_M (DXT1, 2048X2048)
[2018.11.26-02.45.52:979][271]LogStaticMesh: Built static mesh [0.11s] /Game/DemoRoom/Meshes/SM_DemoRoomU_Hole.SM_DemoRoomU_Hole
[2018.11.26-02.45.53:028][271]LogStaticMesh: Building static mesh SM_DemoRoomU2...
[2018.11.26-02.45.53:055][271]LogStaticMesh: Built static mesh [0.03s] /Game/DemoRoom/Meshes/SM_DemoRoomU2.SM_DemoRoomU2
[2018.11.26-02.45.53:068][271]LogMaterial: Display: Missing cached shader map for material M_LightTube, compiling. 
[2018.11.26-02.45.53:245][271]LogMaterial: Display: Missing cached shader map for material DefaultTextMaterialTranslucentUnlit, compiling. 
[2018.11.26-02.45.53:508][271]LogShaderCompilers: Display: Shaders left to compile 5
[2018.11.26-02.45.53:508][271]LogShaderCompilers: Display: Shaders left to compile 33
[2018.11.26-02.45.53:508][271]LogShaderCompilers: Display: Shaders left to compile 23
[2018.11.26-02.45.53:508][271]LogTexture: Display: Building textures: T_RoomTiles_N (BC5, 2048X2048)
[2018.11.26-02.45.53:508][271]LogMaterial: Display: Missing cached shader map for material M_DemoWall, compiling. 
[2018.11.26-02.45.53:767][271]LogStaticMesh: Building static mesh SM_DemoRoomClamp...
[2018.11.26-02.45.53:842][271]LogStaticMesh: Built static mesh [0.08s] /Game/DemoRoom/Meshes/SM_DemoRoomClamp.SM_DemoRoomClamp
[2018.11.26-02.45.53:861][271]LogMaterial: Display: Missing cached shader map for material M_DemoRoomTiles, compiling. 
[2018.11.26-02.45.53:936][271]LogStaticMesh: Building static mesh SM_DemoRoomTrimAdd...
[2018.11.26-02.45.54:001][271]LogStaticMesh: Built static mesh [0.07s] /Game/DemoRoom/Meshes/SM_DemoRoomTrimAdd.SM_DemoRoomTrimAdd
[2018.11.26-02.45.54:078][271]LogStaticMesh: Building static mesh SM_DemoRoomTrim2...
[2018.11.26-02.45.54:173][271]LogStaticMesh: Built static mesh [0.10s] /Game/DemoRoom/Meshes/SM_DemoRoomTrim2.SM_DemoRoomTrim2
[2018.11.26-02.45.54:261][271]LogStaticMesh: Building static mesh SM_DemoRoomTrim...
[2018.11.26-02.45.54:372][271]LogStaticMesh: Built static mesh [0.11s] /Game/DemoRoom/Meshes/SM_DemoRoomTrim.SM_DemoRoomTrim
[2018.11.26-02.45.54:395][271]LogStaticMesh: Building static mesh SM_DemoRoomBackWall...
[2018.11.26-02.45.54:409][271]LogStaticMesh: Built static mesh [0.01s] /Game/DemoRoom/Meshes/SM_DemoRoomBackWall.SM_DemoRoomBackWall
[2018.11.26-02.45.54:414][271]LogStaticMesh: Building static mesh SM_DemoRoomBackWall2...
[2018.11.26-02.45.54:428][271]LogStaticMesh: Built static mesh [0.01s] /Game/DemoRoom/Meshes/SM_DemoRoomBackWall2.SM_DemoRoomBackWall2
[2018.11.26-02.45.54:447][271]LogStaticMesh: Building static mesh SM_DemoDivider_2...
[2018.11.26-02.45.54:477][271]LogStaticMesh: Built static mesh [0.03s] /Game/DemoRoom/Meshes/SM_DemoDivider_2.SM_DemoDivider_2
[2018.11.26-02.45.54:487][271]LogMaterial: Display: Missing cached shader map for material M_Glass, compiling. 
[2018.11.26-02.45.54:515][271]LogMaterial: Display: Missing cached shader map for material M_DemoWallPattern, compiling. 
[2018.11.26-02.45.54:531][271]LogStaticMesh: Building static mesh SM_URoom_Wall2...
[2018.11.26-02.45.54:546][271]LogStaticMesh: Built static mesh [0.02s] /Game/DemoRoom/Meshes/SM_URoom_Wall2.SM_URoom_Wall2
[2018.11.26-02.45.54:674][271]LogStaticMesh: Building static mesh SM_DemoRoomU...
[2018.11.26-02.45.54:710][271]LogStaticMesh: Built static mesh [0.04s] /Game/DemoRoom/Meshes/SM_DemoRoomU.SM_DemoRoomU
[2018.11.26-02.45.54:731][271]LogStaticMesh: Building static mesh SM_DemoDivider_1...
[2018.11.26-02.45.54:762][271]LogStaticMesh: Built static mesh [0.03s] /Game/DemoRoom/Meshes/SM_DemoDivider_1.SM_DemoDivider_1
[2018.11.26-02.45.54:770][271]LogStaticMesh: Building static mesh SM_DemoRoomLTrim...
[2018.11.26-02.45.54:784][271]LogStaticMesh: Built static mesh [0.01s] /Game/DemoRoom/Meshes/SM_DemoRoomLTrim.SM_DemoRoomLTrim
[2018.11.26-02.45.54:789][271]LogStaticMesh: Building static mesh SM_URoom_Wall...
[2018.11.26-02.45.54:802][271]LogStaticMesh: Built static mesh [0.01s] /Game/DemoRoom/Meshes/SM_URoom_Wall.SM_URoom_Wall
[2018.11.26-02.45.54:810][271]LogMaterial: Display: Missing cached shader map for material M_Glass, compiling. 
[2018.11.26-02.45.54:840][271]LogMaterial: Display: Missing cached shader map for material M_DemoWallPattern, compiling. 
[2018.11.26-02.45.54:856][271]LogMaterial: Display: Missing cached shader map for material M_DemoWallPattern, compiling. 
[2018.11.26-02.45.54:875][271]LogStaticMesh: Building static mesh SM_DemoRoomL...
[2018.11.26-02.45.54:895][271]LogStaticMesh: Built static mesh [0.02s] /Game/DemoRoom/Meshes/SM_DemoRoomL.SM_DemoRoomL
[2018.11.26-02.45.54:947][271]LogStaticMesh: Building static mesh SM_DemoRoomClamp2...
[2018.11.26-02.45.55:011][271]LogStaticMesh: Built static mesh [0.06s] /Game/DemoRoom/Meshes/SM_DemoRoomClamp2.SM_DemoRoomClamp2
[2018.11.26-02.45.59:483][438]LogShaderCompilers: Display: Shaders left to compile 393
[2018.11.26-02.46.01:862][663]LogShaderCompilers: Display: Shaders left to compile 383
[2018.11.26-02.46.08:968][393]LogShaderCompilers: Display: Shaders left to compile 373
[2018.11.26-02.46.09:229][418]LogShaderCompilers: Display: Shaders left to compile 363
[2018.11.26-02.46.12:440][669]LogShaderCompilers: Display: Shaders left to compile 353
[2018.11.26-02.46.13:469][714]LogEditorViewport: Clicking on Actor (LMB): BP_DemoRoom_C (BP_DemoRoom)
[2018.11.26-02.46.14:543][828]LogShaderCompilers: Display: Shaders left to compile 343
[2018.11.26-02.46.16:871][ 32]LogShaderCompilers: Display: Shaders left to compile 333
[2018.11.26-02.46.18:604][199]LogShaderCompilers: Display: Shaders left to compile 323
[2018.11.26-02.46.20:663][419]LogShaderCompilers: Display: Shaders left to compile 313
[2018.11.26-02.46.25:544][936]LogSlate: FSceneViewport::OnFocusLost() reason 0
[2018.11.26-02.46.26:580][ 47]LogShaderCompilers: Display: Shaders left to compile 303
[2018.11.26-02.46.26:637][ 53]LogShaderCompilers: Display: Shaders left to compile 293
[2018.11.26-02.46.29:656][302]LogShaderCompilers: Display: Shaders left to compile 283
[2018.11.26-02.46.30:858][348]LogShaderCompilers: Display: Shaders left to compile 273
[2018.11.26-02.46.31:998][385]LogShaderCompilers: Display: Shaders left to compile 263
[2018.11.26-02.46.34:242][589]LogShaderCompilers: Display: Shaders left to compile 253
[2018.11.26-02.46.37:005][840]LogShaderCompilers: Display: Shaders left to compile 243
[2018.11.26-02.46.42:981][462]LogShaderCompilers: Display: Shaders left to compile 233
[2018.11.26-02.46.43:301][490]LogShaderCompilers: Display: Shaders left to compile 223
[2018.11.26-02.46.46:216][768]LogShaderCompilers: Display: Shaders left to compile 213
[2018.11.26-02.46.46:664][816]LogSlate: FSceneViewport::OnFocusLost() reason 0
[2018.11.26-02.46.52:048][379]LogShaderCompilers: Display: Shaders left to compile 203
[2018.11.26-02.46.54:285][608]LogShaderCompilers: Display: Shaders left to compile 193
[2018.11.26-02.46.57:680][914]LogShaderCompilers: Display: Shaders left to compile 183
[2018.11.26-02.47.00:457][169]LogShaderCompilers: Display: Shaders left to compile 173
[2018.11.26-02.47.05:699][673]LogShaderCompilers: Display: Shaders left to compile 163
[2018.11.26-02.47.05:701][673]LogSlate: FSceneViewport::OnFocusLost() reason 0
[2018.11.26-02.47.06:532][757]LogShaderCompilers: Display: Shaders left to compile 153
[2018.11.26-02.47.08:116][918]Cmd: CAMERA ALIGN ACTIVEVIEWPORTONLY
[2018.11.26-02.47.13:945][531]LogNavigationPoint: PostEditMove Clear paths rebuilt
[2018.11.26-02.47.15:159][653]LogShaderCompilers: Display: Shaders left to compile 143
[2018.11.26-02.47.15:793][719]LogNavigationPoint: PostEditMove Clear paths rebuilt
[2018.11.26-02.47.19:506][ 89]LogNavigationPoint: PostEditMove Clear paths rebuilt
[2018.11.26-02.47.19:720][107]LogShaderCompilers: Display: Shaders left to compile 133
[2018.11.26-02.47.20:677][206]LogShaderCompilers: Display: Shaders left to compile 123
[2018.11.26-02.47.24:577][582]LogNavigationPoint: PostEditMove Clear paths rebuilt
[2018.11.26-02.47.25:768][706]LogNavigationPoint: PostEditMove Clear paths rebuilt
[2018.11.26-02.47.26:123][738]LogShaderCompilers: Display: Shaders left to compile 113
[2018.11.26-02.47.26:328][742]LogShaderCompilers: Display: Shaders left to compile 103
[2018.11.26-02.47.27:561][742]LogShaderCompilers: Display: Shaders left to compile 93
[2018.11.26-02.47.28:690][742]LogShaderCompilers: Display: Shaders left to compile 83
[2018.11.26-02.47.29:172][742]LogShaderCompilers: Display: Shaders left to compile 73
[2018.11.26-02.47.31:871][786]LogShaderCompilers: Display: Shaders left to compile 63
[2018.11.26-02.47.35:177][ 82]LogShaderCompilers: Display: Shaders left to compile 53
[2018.11.26-02.47.36:071][111]LogEditorViewport: Clicking on Actor (LMB): BP_DemoRoom_C (BP_DemoRoom)
[2018.11.26-02.47.36:383][137]LogShaderCompilers: Display: Shaders left to compile 43
[2018.11.26-02.47.36:383][137]LogShaderCompilers: Display: Shaders left to compile 33
[2018.11.26-02.47.41:217][650]LogShaderCompilers: Display: Shaders left to compile 23
[2018.11.26-02.47.43:737][882]LogShaderCompilers: Display: Shaders left to compile 13
[2018.11.26-02.47.45:220][902]LogShaderCompilers: Display: Shaders left to compile 3
[2018.11.26-02.47.55:210][ 96]LogSlate: FSceneViewport::OnFocusLost() reason 0
[2018.11.26-02.47.55:276][104]LogTemp: Repeating last play command: Selected Viewport
[2018.11.26-02.47.55:327][104]LogPlayLevel: PlayLevel: No blueprints needed recompiling
[2018.11.26-02.47.55:359][104]PIE: New page: PIE session: CollectionLevel (Nov 25, 2018, 4:47:55 PM)
[2018.11.26-02.47.55:360][104]LogPlayLevel: Creating play world package: /Game/Maps/UEDPIE_0_CollectionLevel
[2018.11.26-02.47.55:403][104]LogPlayLevel: PIE: StaticDuplicateObject took: (0.043681s)
[2018.11.26-02.47.55:405][104]LogAIModule: Creating AISystem for world CollectionLevel
[2018.11.26-02.47.55:405][104]LogPlayLevel: PIE: World Init took: (0.002046s)
[2018.11.26-02.47.55:415][104]LogPlayLevel: PIE: Created PIE world by copying editor world from /Game/Maps/CollectionLevel.CollectionLevel to /Game/Maps/UEDPIE_0_CollectionLevel.CollectionLevel (0.055661s)
[2018.11.26-02.47.55:521][104]LogInit: XAudio2 using 'Headphones (Realtek High Definition Audio)' : 2 channels at 48 kHz using 32 bits per sample (channel mask 0x3)
[2018.11.26-02.47.55:534][104]LogInit: FAudioDevice initialized.
[2018.11.26-02.47.55:626][104]LogLoad: Game class is 'BatteryCollectorGameMode'
[2018.11.26-02.47.55:681][104]LogWorld: Bringing World /Game/Maps/UEDPIE_0_CollectionLevel.CollectionLevel up for play (max tick rate 0) at 2018.11.25-21.47.55
[2018.11.26-02.47.55:709][104]LogWorld: Bringing up level for play took: 0.030138
[2018.11.26-02.47.55:839][104]LogContentBrowser: Native class hierarchy updated for 'MovieSceneCapture' in 0.0008 seconds. Added 10 classes and 0 folders.
[2018.11.26-02.47.55:964][104]PIE: Play in editor start time for /Game/Maps/UEDPIE_0_CollectionLevel 0.891
[2018.11.26-02.47.56:126][105]LogCharacterMovement: Warning: GetSimulationTimeStep() - Max iterations 8 hit while remaining time 0.081939 > MaxSimulationTimeStep (0.050) for 'ThirdPersonCharacter_C_0', movement 'Walking'
[2018.11.26-02.47.59:826][526]LogSlate: Updating window title bar state: overlay mode, drag disabled, window buttons hidden, title bar hidden
[2018.11.26-02.47.59:912][526]LogPlayLevel: Display: Shutting down PIE online subsystems
[2018.11.26-02.48.00:003][526]LogSlate: Updating window title bar state: overlay mode, drag disabled, window buttons hidden, title bar hidden
[2018.11.26-02.48.00:069][527]LogPlayLevel: Display: Destroying online subsystem :Context_4
[2018.11.26-02.48.02:774][837]LogSlate: FSceneViewport::OnFocusLost() reason 2
[2018.11.26-02.48.05:156][111]MapCheck: New page: Map Check
[2018.11.26-02.48.05:207][111]LogSlate: FSceneViewport::OnFocusLost() reason 2
[2018.11.26-02.48.05:229][111]LightingResults: New page: Lighting Build - Nov 25, 2018, 4:48:05 PM
[2018.11.26-02.48.05:512][111]LogSwarmInterface: [OpenConnection] Registering TCP channel ...
[2018.11.26-02.48.05:720][111]LogSwarmInterface: [OpenConnection] Connecting to agent ...
[2018.11.26-02.48.05:734][111]LogSwarmInterface: [TryOpenConnection] Testing the Agent
[2018.11.26-02.48.06:255][111]LogSwarmInterface: [TryOpenConnection] Opening Connection to Agent
[2018.11.26-02.48.06:255][111]LogSwarmInterface: [TryOpenConnection] Local Process ID is 11916
[2018.11.26-02.48.11:288][111]LogStaticLightingSystem: Warning: No importance volume found, so the scene bounding box was used.  You can optimize your scene's quality and lighting build times by adding importance volumes.
[2018.11.26-02.48.11:296][111]LogStaticLightingSystem: Running Lightmass w/ ImmediateImport mode ENABLED
[2018.11.26-02.48.11:297][111]LogStaticLightingSystem: Running Lightmass w/ ImmediateProcess mode ENABLED
[2018.11.26-02.48.11:297][111]LogStaticLightingSystem: Running Lightmass w/ Sorting mode ENABLED
[2018.11.26-02.48.11:297][111]LogStaticLightingSystem: Running Lightmass w/ Mapping paddings ENABLED
[2018.11.26-02.48.11:297][111]LogStaticLightingSystem: Running Lightmass w/ Mapping debug paddings DISABLED
[2018.11.26-02.48.11:567][111]LogEditorBuildUtils: Build time 0:06
[2018.11.26-02.48.11:584][111]LogMaterial: Display: Missing cached shader map for material FLightmassMaterialRenderer MaterialInstanceDynamic_0, compiling. 
[2018.11.26-02.48.11:590][111]LogMaterial: Display: Missing cached shader map for material FLightmassMaterialRenderer MaterialInstanceDynamic_0, compiling. 
[2018.11.26-02.48.11:618][112]LogShaderCompilers: Display: Shaders left to compile 2
[2018.11.26-02.48.11:618][112]LogShaderCompilers: Display: Shaders left to compile 2
[2018.11.26-02.48.11:625][112]LogMaterial: Display: Missing cached shader map for material FLightmassMaterialRenderer M_Glass_Inst, compiling. 
[2018.11.26-02.48.11:631][112]LogShaderCompilers: Display: Shaders left to compile 2
[2018.11.26-02.48.11:631][112]LogMaterial: Display: Missing cached shader map for material FLightmassMaterialRenderer M_Glass_Inst, compiling. 
[2018.11.26-02.48.11:646][113]LogMaterial: Display: Missing cached shader map for material FLightmassMaterialRenderer M_Glass, compiling. 
[2018.11.26-02.48.11:652][113]LogMaterial: Display: Missing cached shader map for material FLightmassMaterialRenderer M_Glass, compiling. 
[2018.11.26-02.48.11:667][114]LogMaterial: Display: Missing cached shader map for material FLightmassMaterialRenderer M_LightTube_Inst, compiling. 
[2018.11.26-02.48.11:672][114]LogMaterial: Display: Missing cached shader map for material FLightmassMaterialRenderer M_LightTube_Inst, compiling. 
[2018.11.26-02.48.11:685][115]LogMaterial: Display: Missing cached shader map for material FLightmassMaterialRenderer M_DemoWall_Inst, compiling. 
[2018.11.26-02.48.11:691][115]LogMaterial: Display: Missing cached shader map for material FLightmassMaterialRenderer M_DemoWall_Inst, compiling. 
[2018.11.26-02.48.11:713][116]LogMaterial: Display: Missing cached shader map for material FLightmassMaterialRenderer MaterialInstanceDynamic_0, compiling. 
[2018.11.26-02.48.11:718][116]LogMaterial: Display: Missing cached shader map for material FLightmassMaterialRenderer MaterialInstanceDynamic_0, compiling. 
[2018.11.26-02.48.14:238][119]LogShaderCompilers: Display: Shaders left to compile 18
[2018.11.26-02.48.14:238][119]LogShaderCompilers: Display: Shaders left to compile 8
[2018.11.26-02.48.26:924][105]Job is a success!
[2018.11.26-02.48.26:981][106]LogSlate: FSceneViewport::OnFocusLost() reason 2
[2018.11.26-02.48.27:021][106]LogVolumetricLightmapImport: Imported Volumetric Lightmap in 0.018s
[2018.11.26-02.48.27:021][106]LogVolumetricLightmapImport:      Indirection Texture 16x16x16 = 0.0Mb
[2018.11.26-02.48.27:021][106]LogVolumetricLightmapImport:      BrickData 495x5x5 = 0.4Mb (trimmed 0.0Mb due to 0.010000 MinBrickError)
[2018.11.26-02.48.27:021][106]LogVolumetricLightmapImport:      Bricks at Level
[2018.11.26-02.48.27:021][106]LogVolumetricLightmapImport:          0: 1.0% covering 100.0% of volume
[2018.11.26-02.48.27:021][106]LogVolumetricLightmapImport:          1: 4.0% covering 6.3% of volume
[2018.11.26-02.48.27:021][106]LogVolumetricLightmapImport:          2: 94.9% covering 2.3% of volume
[2018.11.26-02.48.28:975][106]LogTexture: Display: Building textures: HQ_Lightmap0_1 (AutoDXT, 1024X1024)
[2018.11.26-02.48.28:976][106]LogTexture: Display: Building textures: LQ_Lightmap_0_1 (DXT1, 1024X1024)
[2018.11.26-02.48.28:976][106]LogTexture: Display: Building textures: HQ_Lightmap0_2 (AutoDXT, 1024X1024)
[2018.11.26-02.48.28:976][106]LogTexture: Display: Building textures: LQ_Lightmap_0_2 (DXT1, 1024X1024)
[2018.11.26-02.48.28:976][106]LogTexture: Display: Building textures: HQ_Lightmap0_3 (AutoDXT, 128X128)
[2018.11.26-02.48.28:976][106]LogTexture: Display: Building textures: LQ_Lightmap_0_3 (DXT1, 128X128)
[2018.11.26-02.48.28:976][106]LogTexture: Display: Building textures: HQ_Lightmap0_4 (AutoDXT, 64X64)
[2018.11.26-02.48.28:976][106]LogTexture: Display: Building textures: LQ_Lightmap_0_4 (DXT1, 64X64)
[2018.11.26-02.48.29:183][106]LogTexture: Display: Building textures: ShadowMapTexture2D_1 (G8, 128X32)
[2018.11.26-02.48.29:183][106]LogTexture: Display: Building textures: ShadowMapTexture2D_4 (G8, 32X32)
[2018.11.26-02.48.29:183][106]LogTexture: Display: Building textures: ShadowMapTexture2D_0 (G8, 1024X1024)
[2018.11.26-02.48.29:218][106]Lightmass on MAX-PC: 13.1 sec total, 149 ms importing, 45 ms setup, 1.90 sec photons, 11.0 sec processing, 0 ms extra exporting [21/21 mappings]. Threads: 44.1 sec total, 23.6 sec processing.
[2018.11.26-02.48.29:254][106]LogStaticLightingSystem: Illumination: 23.9 sec (1.85 sec encoding lightmaps, 203 ms encoding shadowmaps)
[2018.11.26-02.48.29:254][106]LogStaticLightingSystem: Lightmap texture memory:  4.0 MB (4.0 MB streaming, 0.0 MB non-streaming), 8 textures
[2018.11.26-02.48.29:254][106]LogStaticLightingSystem: Shadowmap texture memory: 1.3 MB (1.3 MB streaming, 0.0 MB non-streaming), 3 textures
[2018.11.26-02.48.29:322][106]DumpUnbuiltLightIteractions
[2018.11.26-02.48.29:322][106]Lights with unbuilt interactions: 0
[2018.11.26-02.48.29:322][106]
[2018.11.26-02.48.29:322][106]Primitives with unbuilt interactions: 0
[2018.11.26-02.48.29:352][106]LogSlate: FSceneViewport::OnFocusLost() reason 2
[2018.11.26-02.48.29:438][107]Cmd: MAP CHECK NOTIFYRESULTS
[2018.11.26-02.48.29:439][107]MapCheck: New page: CollectionLevel - Nov 25, 2018, 4:48:29 PM
[2018.11.26-02.48.29:520][107]MapCheck: Map check complete: 0 Error(s), 0 Warning(s), took 81.417ms to complete.
[2018.11.26-02.48.54:156][229]LogSlate: FSceneViewport::OnFocusLost() reason 0
[2018.11.26-02.48.56:239][464]LogSlate: FSceneViewport::OnFocusLost() reason 0
[2018.11.26-02.48.57:704][471]LogSlate: Window 'Save Content' being destroyed
[2018.11.26-02.48.57:730][471]LogSlate: FSceneViewport::OnFocusLost() reason 2
[2018.11.26-02.48.57:808][471]Cmd: OBJ SAVEPACKAGE PACKAGE="/Game/Maps/CollectionLevel" FILE="C:/Users/maxsa/Desktop/Unreal Projects/BatteryCollector/Content/Maps/CollectionLevel.umap" SILENT=true AUTOSAVING=false KEEPDIRTY=false
[2018.11.26-02.48.57:946][471]LogSavePackage: Moving 'C:/Users/maxsa/Desktop/Unreal Projects/BatteryCollector/Saved/CollectionLevelF2BB5EEC43C007F29EEED09399290A04.tmp' to 'C:/Users/maxsa/Desktop/Unreal Projects/BatteryCollector/Content/Maps/CollectionLevel.umap'
[2018.11.26-02.48.57:987][471]LogFileHelpers: Saving map 'CollectionLevel' took 0.249
[2018.11.26-02.48.57:989][471]Cmd: OBJ SAVEPACKAGE PACKAGE="/Game/Maps/CollectionLevel_BuiltData" FILE="C:/Users/maxsa/Desktop/Unreal Projects/BatteryCollector/Content/Maps/CollectionLevel_BuiltData.uasset" SILENT=true
[2018.11.26-02.48.58:240][471]LogSavePackage: Moving 'C:/Users/maxsa/Desktop/Unreal Projects/BatteryCollector/Saved/CollectionLevel_BuiltDataFC74A4DE4068C3EFED47EB93C8BA8CB7.tmp' to 'C:/Users/maxsa/Desktop/Unreal Projects/BatteryCollector/Content/Maps/CollectionLevel_BuiltData.uasset'
[2018.11.26-02.48.59:986][664]LogSlate: FSceneViewport::OnFocusLost() reason 2
[2018.11.26-02.48.59:992][664]Cmd: OBJ SAVEPACKAGE PACKAGE="/Game/Maps/CollectionLevel" FILE="C:/Users/maxsa/Desktop/Unreal Projects/BatteryCollector/Content/Maps/CollectionLevel.umap" SILENT=true AUTOSAVING=false KEEPDIRTY=false
[2018.11.26-02.49.00:049][664]LogSavePackage: Moving 'C:/Users/maxsa/Desktop/Unreal Projects/BatteryCollector/Saved/CollectionLevel6EA925084D77A6F9E49752A7A850EBBC.tmp' to 'C:/Users/maxsa/Desktop/Unreal Projects/BatteryCollector/Content/Maps/CollectionLevel.umap'
[2018.11.26-02.49.00:074][664]Cmd: OBJ SAVEPACKAGE PACKAGE="/Game/Maps/CollectionLevel_BuiltData" FILE="C:/Users/maxsa/Desktop/Unreal Projects/BatteryCollector/Content/Maps/CollectionLevel_BuiltData.uasset" SILENT=true
[2018.11.26-02.49.00:287][664]LogSavePackage: Moving 'C:/Users/maxsa/Desktop/Unreal Projects/BatteryCollector/Saved/CollectionLevel_BuiltDataFE6AD3C84F9BB07B6526299B9F82EB97.tmp' to 'C:/Users/maxsa/Desktop/Unreal Projects/BatteryCollector/Content/Maps/CollectionLevel_BuiltData.uasset'
